autoscan: warning: missing AC_CHECK_FUNCS([fdatasync]) wanted by: 
	util/env_posix.cc:260
autoscan: warning: missing AC_CHECK_FUNCS([getcwd]) wanted by: 
	util/env.cc:225
autoscan: warning: missing AC_CHECK_FUNCS([gettimeofday]) wanted by: 
	db/db_bench.cc:717
	db/db_bench.cc:732
	util/env_posix.cc:823
	util/posix_logger.h:53
autoscan: warning: missing AC_CHECK_FUNCS([localtime_r]) wanted by: 
	util/posix_logger.h:56
autoscan: warning: missing AC_CHECK_FUNCS([memset]) wanted by: 
	db/io_zenfs.cc:490
	db/io_zenfs.cc:546
	db/fs_zenfs.cc:157
	table/table_test.cc:672
	util/comparator.cc:74
	util/cache.cc:115
	util/crc32c_test.cc:17
	util/crc32c_test.cc:20
	util/env_posix.cc:528
autoscan: warning: missing AC_CHECK_FUNCS([sqrt]) wanted by: 
	util/histogram.cc:102
autoscan: warning: missing AC_CHECK_FUNCS([strchr]) wanted by: 
	db/db_bench.cc:440
	db/db_bench.cc:832
	doc/bench/db_bench_sqlite3.cc:220
	doc/bench/db_bench_sqlite3.cc:349
	doc/bench/db_bench_tree_db.cc:196
	doc/bench/db_bench_tree_db.cc:325
autoscan: warning: missing AC_CHECK_FUNCS([strdup]) wanted by: 
	db/c.cc:144
	db/c.cc:148
	db/c.cc:252
	db/c.cc:253
autoscan: warning: missing AC_CHECK_FUNCS([strerror]) wanted by: 
	benchmark.cc:122
	benchmark.cc:154
	db/io_zenfs.cc:1102
	db/corruption_test.cc:175
	db/zbd_zenfs.cc:153
	db/zbd_zenfs.cc:195
	db/zenfs.cc:102
	db/zenfs.cc:122
	port/port_posix.cc:17
	util/env_posix.cc:35
	util/env_posix.cc:261
	util/env_posix.cc:839
autoscan: warning: missing AC_CHECK_FUNCS([strrchr]) wanted by: 
	db/repair.cc:458
	util/env_posix.cc:228
	util/env_posix.cc:472
autoscan: warning: missing AC_CHECK_FUNCS([strstr]) wanted by: 
	db/db_test.cc:191
	db/db_test.cc:192
	db/db_test.cc:194
	db/db_test.cc:1564
	db/db_test.cc:1580
	util/testharness.cc:47
autoscan: warning: missing AC_CHECK_FUNCS([strtoull]) wanted by: 
	db/filename.cc:105
autoscan: warning: missing AC_CHECK_HEADERS([fcntl.h]) wanted by: 
	db/io_zenfs.cc:12
	db/corruption_test.cc:10
	db/fs_zenfs.cc:11
	db/zbd_zenfs.cc:10
	db/zenfs.cc:7
	include/pebblesdb/env.h:25
	util/env_posix.cc:9
autoscan: warning: missing AC_CHECK_HEADERS([stddef.h]) wanted by: 
	db/c_test.c:7
	include/pebblesdb/c.h:48
	include/pebblesdb/slice.h:19
	include/pebblesdb/options.h:8
	table/filter_block.h:12
	table/block.h:8
	util/crc32c.h:8
	util/arena.h:10
	util/hash.h:10
autoscan: warning: missing AC_CHECK_HEADERS([sys/ioctl.h]) wanted by: 
	db/io_zenfs.cc:17
	db/zbd_zenfs.cc:15
	include/pebblesdb/env.h:29
autoscan: warning: missing AC_CHECK_HEADERS([sys/statvfs.h]) wanted by: 
	include/pebblesdb/env.h:31
autoscan: warning: missing AC_CHECK_HEADERS([sys/time.h]) wanted by: 
	db/db_bench.cc:12
	db/db_bench.cc:13
	include/pebblesdb/env.h:33
	util/env_posix.cc:16
	util/posix_logger.h:13
autoscan: warning: missing AC_CHECK_HEADER_STDBOOL wanted by: 
	leveldb-verify.cc:23
	leveldb-verify.cc:46
	leveldb-verify.cc:101
	leveldb-verify.cc:116
	leveldb-verify.cc:120
	leveldb-verify.cc:177
	leveldb-verify.cc:200
	leveldb-verify.cc:201
	leveldb-verify.cc:213
	db/leveldb_main.cc:23
	db/leveldb_main.cc:46
	db/leveldb_main.cc:112
	db/leveldb_main.cc:128
	db/leveldb_main.cc:132
	db/leveldb_main.cc:192
	db/leveldb_main.cc:215
	db/leveldb_main.cc:216
	db/leveldb_main.cc:236
	db/io_zenfs.cc:118
	db/io_zenfs.cc:202
	db/io_zenfs.cc:269
	db/io_zenfs.cc:288
	db/io_zenfs.cc:300
	db/io_zenfs.cc:330
	db/io_zenfs.cc:378
	db/io_zenfs.cc:756
	db/io_zenfs.cc:768
	db/version_edit.cc:140
	db/version_edit.cc:150
	db/fs_zenfs.h:115
	db/fs_zenfs.h:173
	db/fs_zenfs.h:176
	db/fs_zenfs.h:179
	db/fs_zenfs.h:181
	db/fs_zenfs.h:190
	db/fs_zenfs.h:209
	db/fs_zenfs.h:245
	db/fs_zenfs.h:256
	db/fs_zenfs.h:263
	db/fs_zenfs.h:286
	db/fs_zenfs.h:295
	db/fs_zenfs.h:313
	db/replay_iterator.cc:62
	db/replay_iterator.cc:84
	db/replay_iterator.cc:141
	db/replay_iterator.cc:145
	db/io_config.h:93
	db/io_config.h:97
	db/log_reader.h:43
	db/log_reader.h:53
	db/log_reader.h:63
	db/log_reader.h:66
	db/log_reader.h:90
	db/version_set.h:127
	db/version_set.h:129
	db/version_set.h:167
	db/version_set.h:173
	db/version_set.h:198
	db/version_set.h:202
	db/version_set.h:495
	db/version_set.h:625
	db/version_set.h:733
	db/version_set.h:737
	db/version_set.h:737
	db/version_set.h:737
	db/version_set.h:752
	db/version_set.h:774
	db/version_set.h:774
	db/version_set.h:774
	db/version_set.h:775
	db/version_set.h:987
	db/version_set.h:993
	db/version_set.h:1001
	db/version_set.h:1009
	db/log_reader.cc:18
	db/log_reader.cc:35
	db/log_reader.cc:59
	db/log_reader.cc:68
	db/dbformat.h:106
	db/dbformat.h:157
	db/dbformat.h:199
	db/version_set.cc:188
	db/version_set.cc:196
	db/version_set.cc:237
	db/version_set.cc:244
	db/version_set.cc:251
	db/version_set.cc:257
	db/version_set.cc:264
	db/version_set.cc:288
	db/version_set.cc:290
	db/version_set.cc:343
	db/version_set.cc:436
	db/version_set.cc:544
	db/version_set.cc:558
	db/version_set.cc:667
	db/version_set.cc:691
	db/version_set.cc:804
	db/version_set.cc:963
	db/version_set.cc:1071
	db/version_set.cc:1117
	db/version_set.cc:1130
	db/version_set.cc:1140
	db/version_set.cc:1181
	db/version_set.cc:1188
	db/version_set.cc:1256
	db/version_set.cc:1297
	db/version_set.cc:1491
	db/version_set.cc:1504
	db/version_set.cc:1513
	db/version_set.cc:1821
	db/version_set.cc:1822
	db/version_set.cc:1856
	db/version_set.cc:1987
	db/version_set.cc:2085
	db/version_set.cc:2106
	db/version_set.cc:2252
	db/version_set.cc:2437
	db/version_set.cc:2438
	db/version_set.cc:2439
	db/version_set.cc:2440
	db/version_set.cc:2941
	db/version_set.cc:3010
	db/version_set.cc:3019
	db/version_set.cc:3019
	db/version_set.cc:3019
	db/version_set.cc:3022
	db/version_set.cc:3121
	db/version_set.cc:3125
	db/version_set.cc:3135
	db/version_set.cc:3202
	db/version_set.cc:3213
	db/version_set.cc:3214
	db/version_set.cc:3296
	db/version_set.cc:3575
	db/version_set.cc:3588
	db/version_set.cc:3591
	db/version_set.cc:3605
	db/version_set.cc:3702
	db/db_iter.cc:71
	db/db_iter.cc:95
	db/db_iter.cc:97
	db/db_iter.cc:126
	db/db_iter.cc:137
	db/db_iter.cc:187
	db/db_impl.cc:68
	db/db_impl.cc:69
	db/db_impl.cc:70
	db/db_impl.cc:71
	db/db_impl.cc:383
	db/db_impl.cc:734
	db/db_impl.cc:854
	db/db_impl.cc:1020
	db/db_impl.cc:1022
	db/db_impl.cc:1308
	db/db_impl.cc:1321
	db/db_impl.cc:1327
	db/db_impl.cc:1351
	db/db_impl.cc:1545
	db/db_impl.cc:1616
	db/db_impl.cc:1724
	db/db_impl.cc:1936
	db/db_impl.cc:1937
	db/db_impl.cc:2147
	db/db_impl.cc:2159
	db/db_impl.cc:2172
	db/db_impl.cc:2187
	db/db_impl.cc:2201
	db/db_impl.cc:2215
	db/db_impl.cc:2227
	db/zbd_zenfs.h:54
	db/zbd_zenfs.h:55
	db/zbd_zenfs.h:56
	db/zbd_zenfs.h:59
	db/zbd_zenfs.h:60
	db/zbd_zenfs.h:61
	db/zbd_zenfs.h:65
	db/zbd_zenfs.h:66
	db/zbd_zenfs.h:104
	db/zbd_zenfs.h:121
	db/zbd_zenfs.h:121
	db/zbd_zenfs.h:180
	db/zbd_zenfs.h:181
	db/skiplist.h:56
	db/skiplist.h:66
	db/skiplist.h:113
	db/skiplist.h:116
	db/skiplist.h:151
	db/skiplist.h:214
	db/skiplist.h:275
	db/skiplist.h:434
	db/skiplist_test.cc:179
	db/version_set_test.cc:15
	db/version_set_test.cc:41
	db/fs_zenfs.cc:497
	db/fs_zenfs.cc:531
	db/fs_zenfs.cc:636
	db/fs_zenfs.cc:680
	db/fs_zenfs.cc:710
	db/fs_zenfs.cc:813
	db/fs_zenfs.cc:852
	db/fs_zenfs.cc:856
	db/fs_zenfs.cc:1169
	db/fs_zenfs.cc:1214
	db/fs_zenfs.cc:1231
	db/fs_zenfs.cc:1346
	db/fs_zenfs.cc:1352
	db/fs_zenfs.cc:1432
	db/fs_zenfs.cc:1498
	db/zbd_zenfs.cc:60
	db/zbd_zenfs.cc:62
	db/zbd_zenfs.cc:63
	db/zbd_zenfs.cc:224
	db/zbd_zenfs.cc:224
	db/zbd_zenfs.cc:524
	db/zbd_zenfs.cc:539
	db/zbd_zenfs.cc:564
	db/zbd_zenfs.cc:600
	db/zbd_zenfs.cc:831
	db/zbd_zenfs.cc:909
	db/filename.h:73
	db/log_writer.cc:62
	db/log_writer.cc:83
	db/db_test.cc:93
	db/db_test.cc:264
	db/db_test.cc:413
	db/db_test.cc:638
	db/db_test.cc:1173
	db/db_test.cc:1174
	db/db_test.cc:1951
	db/db_test.cc:1992
	db/db_test.cc:2008
	db/db_test.cc:2014
	db/db_test.cc:2033
	db/db_test.cc:2048
	db/db_test.cc:2058
	db/db_test.cc:2882
	db/db_test.cc:3098
	db/replay_iterator.h:32
	db/replay_iterator.h:36
	db/replay_iterator.h:53
	db/replay_iterator.h:54
	db/replay_iterator.h:61
	db/replay_iterator.h:64
	db/version_edit.h:215
	db/version_edit.h:233
	db/version_edit.h:234
	db/version_edit.h:235
	db/version_edit.h:236
	db/version_edit.h:237
	db/c.cc:128
	db/c.cc:136
	db/c.cc:139
	db/c.cc:520
	db/db_bench.cc:113
	db/db_bench.cc:142
	db/db_bench.cc:335
	db/db_bench.cc:850
	db/db_bench.cc:1152
	db/db_bench.cc:1176
	db/db_bench.cc:1267
	db/db_bench.cc:1454
	db/db_bench.cc:1579
	db/dbformat.cc:117
	db/log_test.cc:66
	db/log_test.cc:67
	db/log_test.cc:115
	db/db_impl.h:58
	db/db_impl.h:65
	db/db_impl.h:114
	db/db_impl.h:186
	db/db_impl.h:187
	db/db_impl.h:218
	db/db_impl.h:219
	db/db_impl.h:229
	db/db_impl.h:241
	db/db_impl.h:271
	db/db_impl.h:272
	db/filename.cc:80
	db/memtable.h:64
	db/zenfs.cc:51
	db/zenfs.cc:51
	db/zenfs.cc:68
	db/zenfs.cc:403
	db/zenfs.cc:488
	db/zenfs.cc:670
	db/memtable.cc:71
	db/memtable.cc:126
	db/filesystem_utility.h:79
	db/filesystem_utility.h:125
	db/snapshot.h:19
	db/snapshot.h:21
	db/snapshot.h:23
	db/snapshot.h:24
	db/snapshot.h:25
	db/snapshot.h:26
	db/snapshot.h:157
	db/io_zenfs.h:70
	db/io_zenfs.h:74
	db/io_zenfs.h:75
	db/io_zenfs.h:91
	db/io_zenfs.h:95
	db/io_zenfs.h:117
	db/io_zenfs.h:134
	db/io_zenfs.h:139
	db/io_zenfs.h:141
	db/io_zenfs.h:162
	db/io_zenfs.h:195
	db/io_zenfs.h:235
	db/io_zenfs.h:236
	db/io_zenfs.h:251
	db/io_zenfs.h:259
	db/io_zenfs.h:271
	db/io_zenfs.h:287
	db/io_zenfs.h:301
	db/io_zenfs.h:319
	db/repair.cc:116
	db/repair.cc:117
	db/repair.cc:302
	include/pebblesdb/env.h:85
	include/pebblesdb/env.h:130
	include/pebblesdb/env.h:133
	include/pebblesdb/env.h:136
	include/pebblesdb/env.h:139
	include/pebblesdb/env.h:142
	include/pebblesdb/env.h:145
	include/pebblesdb/env.h:168
	include/pebblesdb/env.h:176
	include/pebblesdb/env.h:319
	include/pebblesdb/env.h:428
	include/pebblesdb/env.h:506
	include/pebblesdb/env.h:527
	include/pebblesdb/env.h:529
	include/pebblesdb/env.h:807
	include/pebblesdb/env.h:1021
	include/pebblesdb/env.h:1049
	include/pebblesdb/slice.h:48
	include/pebblesdb/slice.h:82
	include/pebblesdb/slice.h:94
	include/pebblesdb/slice.h:99
	include/pebblesdb/table_builder.h:78
	include/pebblesdb/status.h:44
	include/pebblesdb/status.h:45
	include/pebblesdb/status.h:307
	include/pebblesdb/status.h:315
	include/pebblesdb/status.h:322
	include/pebblesdb/status.h:329
	include/pebblesdb/status.h:336
	include/pebblesdb/status.h:343
	include/pebblesdb/status.h:350
	include/pebblesdb/status.h:357
	include/pebblesdb/status.h:364
	include/pebblesdb/status.h:371
	include/pebblesdb/status.h:377
	include/pebblesdb/status.h:383
	include/pebblesdb/status.h:389
	include/pebblesdb/status.h:397
	include/pebblesdb/status.h:403
	include/pebblesdb/status.h:410
	include/pebblesdb/status.h:419
	include/pebblesdb/status.h:426
	include/pebblesdb/status.h:433
	include/pebblesdb/status.h:444
	include/pebblesdb/status.h:453
	include/pebblesdb/status.h:463
	include/pebblesdb/status.h:472
	include/pebblesdb/status.h:479
	include/pebblesdb/status.h:486
	include/pebblesdb/status.h:500
	include/pebblesdb/status.h:501
	include/pebblesdb/status.h:506
	include/pebblesdb/status.h:518
	include/pebblesdb/status.h:518
	include/pebblesdb/status.h:608
	include/pebblesdb/status.h:615
	include/pebblesdb/iterator.h:30
	include/pebblesdb/options.h:45
	include/pebblesdb/options.h:49
	include/pebblesdb/options.h:57
	include/pebblesdb/options.h:147
	include/pebblesdb/options.h:158
	include/pebblesdb/options.h:163
	include/pebblesdb/options.h:197
	include/pebblesdb/filter_policy.h:49
	include/pebblesdb/replay_iterator.h:19
	include/pebblesdb/replay_iterator.h:36
	include/pebblesdb/db.h:125
	include/pebblesdb/db.h:167
	doc/bench/db_bench_sqlite3.cc:54
	doc/bench/db_bench_sqlite3.cc:70
	doc/bench/db_bench_sqlite3.cc:73
	doc/bench/db_bench_sqlite3.cc:76
	doc/bench/db_bench_sqlite3.cc:362
	doc/bench/db_bench_sqlite3.cc:363
	doc/bench/db_bench_sqlite3.cc:478
	doc/bench/db_bench_sqlite3.cc:523
	doc/bench/db_bench_sqlite3.cc:599
	doc/bench/db_bench_tree_db.cc:54
	doc/bench/db_bench_tree_db.cc:65
	doc/bench/db_bench_tree_db.cc:69
	doc/bench/db_bench_tree_db.cc:337
	doc/bench/db_bench_tree_db.cc:338
	doc/bench/db_bench_tree_db.cc:389
	doc/bench/db_bench_tree_db.cc:424
	port/port_example.h:21
	port/port_example.h:106
	port/port_example.h:112
	port/port_example.h:122
	port/port_example.h:130
	port/port_posix.h:94
	port/port_posix.h:141
	port/port_posix.h:158
	port/port_posix.h:170
	port/port_posix.h:182
	table/iterator_wrapper.h:37
	table/iterator_wrapper.h:60
	table/filter_block.h:79
	table/iterator.cc:46
	table/two_level_iterator.cc:36
	table/two_level_iterator.cc:212
	table/filter_block.cc:156
	table/filter_block_test.cc:30
	table/merger.cc:41
	table/merger.cc:56
	table/merger.cc:95
	table/merger.cc:164
	table/merger.cc:190
	table/merger.cc:441
	table/merger.cc:445
	table/merger.cc:458
	table/block.h:33
	table/format.h:92
	table/format.h:93
	table/block.cc:134
	table/block.cc:232
	table/table.cc:284
	table/block_builder.h:39
	table/block_builder.h:48
	table/table_test.cc:86
	table/table_test.cc:291
	table/table_test.cc:419
	table/table_test.cc:531
	table/table_test.cc:798
	table/table_test.cc:799
	table/table_test.cc:841
	table/table_builder.cc:30
	table/table_builder.cc:42
	helpers/memenv/memenv.cc:34
	helpers/memenv/memenv.cc:278
	util/env.cc:94
	util/env.cc:144
	util/env.cc:247
	util/env.cc:296
	util/string_builder.h:45
	util/testharness.cc:24
	util/testharness.h:44
	util/testharness.h:61
	util/testharness.h:126
	util/testharness.h:132
	util/logging.h:40
	util/logging.h:46
	util/env_posix.cc:111
	util/env_posix.cc:285
	util/env_posix.cc:295
	util/env_posix.cc:306
	util/env_posix.cc:332
	util/env_posix.cc:359
	util/env_posix.cc:525
	util/env_posix.cc:552
	util/env_posix.cc:636
	util/env_posix.cc:855
	util/bloom_test.cc:69
	util/coding.cc:143
	util/coding.cc:172
	util/coding.cc:194
	util/bloom.cc:73
	util/random.h:52
	util/testutil.h:32
	util/coding.h:34
	util/coding.h:35
	util/coding.h:36
	util/coding.h:37
	util/coding.h:38
	util/coding.h:108
	util/coding.h:117
	util/logging.cc:56
	util/logging.cc:65
	util/atomic.h:55
	util/atomic.h:57
	util/atomic.h:58
	leveldb-verify.cc:52
	leveldb-verify.cc:139
	leveldb-verify.cc:181
	leveldb-verify.cc:197
	benchmark.cc:237
	leveldb-dump-all.cc:108
	db/leveldb_main.cc:52
	db/leveldb_main.cc:151
	db/leveldb_main.cc:155
	db/leveldb_main.cc:196
	db/leveldb_main.cc:212
	db/leveldb_main.cc:239
	db/leveldb_main.cc:246
	db/io_zenfs.cc:121
	db/io_zenfs.cc:289
	db/io_zenfs.cc:296
	db/io_zenfs.cc:909
	db/io_zenfs.cc:1002
	db/corruption_test.cc:50
	db/corruption_test.cc:176
	db/corruption_test.cc:281
	db/version_edit.cc:39
	db/version_edit.cc:40
	db/version_edit.cc:41
	db/version_edit.cc:42
	db/version_edit.cc:43
	db/version_edit.cc:146
	db/version_edit.cc:157
	db/fs_zenfs.h:173
	db/fs_zenfs.h:176
	db/fs_zenfs.h:179
	db/fs_zenfs.h:181
	db/fs_zenfs.h:190
	db/fs_zenfs.h:247
	db/replay_iterator.cc:50
	db/replay_iterator.cc:148
	db/replay_iterator.cc:155
	db/replay_iterator.cc:184
	db/replay_iterator.cc:188
	db/replay_iterator.cc:213
	db/io_config.h:95
	db/log_reader.h:49
	db/version_set.h:165
	db/version_set.h:401
	db/version_set.h:495
	db/log_reader.cc:25
	db/log_reader.cc:52
	db/log_reader.cc:62
	db/log_reader.cc:68
	db/log_reader.cc:85
	db/log_reader.cc:103
	db/log_reader.cc:141
	db/log_reader.cc:146
	db/log_reader.cc:157
	db/log_reader.cc:163
	db/dbformat.h:105
	db/dbformat.h:202
	db/version_set.cc:286
	db/version_set.cc:306
	db/version_set.cc:319
	db/version_set.cc:544
	db/version_set.cc:558
	db/version_set.cc:672
	db/version_set.cc:695
	db/version_set.cc:1078
	db/version_set.cc:1127
	db/version_set.cc:1133
	db/version_set.cc:1165
	db/version_set.cc:1256
	db/version_set.cc:1822
	db/version_set.cc:1828
	db/version_set.cc:1878
	db/version_set.cc:1987
	db/version_set.cc:2088
	db/version_set.cc:2109
	db/version_set.cc:2402
	db/version_set.cc:2437
	db/version_set.cc:2438
	db/version_set.cc:2439
	db/version_set.cc:2440
	db/version_set.cc:2910
	db/version_set.cc:3013
	db/version_set.cc:3022
	db/version_set.cc:3024
	db/version_set.cc:3059
	db/version_set.cc:3135
	db/version_set.cc:3213
	db/version_set.cc:3214
	db/version_set.cc:3231
	db/version_set.cc:3296
	db/version_set.cc:3314
	db/version_set.cc:3547
	db/version_set.cc:3579
	db/version_set.cc:3597
	db/version_set.cc:3602
	db/version_set.cc:3713
	db/db_iter.cc:63
	db/db_iter.cc:147
	db/db_iter.cc:174
	db/db_iter.cc:218
	db/db_iter.cc:227
	db/db_iter.cc:232
	db/db_iter.cc:281
	db/db_iter.cc:298
	db/db_iter.cc:300
	db/db_iter.cc:309
	db/db_iter.cc:311
	db/db_impl.cc:83
	db/db_impl.cc:84
	db/db_impl.cc:85
	db/db_impl.cc:211
	db/db_impl.cc:217
	db/db_impl.cc:227
	db/db_impl.cc:252
	db/db_impl.cc:529
	db/db_impl.cc:561
	db/db_impl.cc:819
	db/db_impl.cc:855
	db/db_impl.cc:871
	db/db_impl.cc:1100
	db/db_impl.cc:1101
	db/db_impl.cc:1308
	db/db_impl.cc:1327
	db/db_impl.cc:1331
	db/db_impl.cc:1382
	db/db_impl.cc:1582
	db/db_impl.cc:1616
	db/db_impl.cc:1676
	db/db_impl.cc:1793
	db/db_impl.cc:1937
	db/db_impl.cc:1976
	db/db_impl.cc:2024
	db/db_impl.cc:2068
	db/db_impl.cc:2096
	db/db_impl.cc:2141
	db/db_impl.cc:2153
	db/db_impl.cc:2161
	db/db_impl.cc:2174
	db/db_impl.cc:2189
	db/db_impl.cc:2203
	db/db_impl.cc:2217
	db/db_impl.cc:2229
	db/db_impl.cc:2276
	db/db_impl.cc:2327
	db/db_impl.cc:2338
	db/db_impl.cc:2423
	db/db_impl.cc:2424
	db/db_impl.cc:2430
	db/zbd_zenfs.h:61
	db/zbd_zenfs.h:67
	db/zbd_zenfs.h:104
	db/c_test.c:366
	db/skiplist.h:161
	db/skiplist.h:439
	db/version_set_test.cc:160
	db/fs_zenfs.cc:390
	db/fs_zenfs.cc:639
	db/fs_zenfs.cc:650
	db/fs_zenfs.cc:677
	db/fs_zenfs.cc:782
	db/fs_zenfs.cc:856
	db/fs_zenfs.cc:1188
	db/fs_zenfs.cc:1220
	db/fs_zenfs.cc:1346
	db/fs_zenfs.cc:1352
	db/fs_zenfs.cc:1459
	db/fs_zenfs.cc:1498
	db/fs_zenfs.cc:1623
	db/fs_zenfs.cc:1643
	db/fs_zenfs.cc:1726
	db/zbd_zenfs.cc:49
	db/zbd_zenfs.cc:168
	db/zbd_zenfs.cc:329
	db/zbd_zenfs.cc:559
	db/zbd_zenfs.cc:574
	db/zbd_zenfs.cc:756
	db/zbd_zenfs.cc:780
	db/zbd_zenfs.cc:913
	db/filename.h:72
	db/log_writer.cc:98
	db/db_test.cc:101
	db/db_test.cc:263
	db/db_test.cc:267
	db/db_test.cc:425
	db/db_test.cc:649
	db/db_test.cc:1559
	db/db_test.cc:1562
	db/db_test.cc:1577
	db/db_test.cc:1583
	db/db_test.cc:1585
	db/db_test.cc:1664
	db/db_test.cc:1689
	db/db_test.cc:1927
	db/db_test.cc:1931
	db/db_test.cc:1944
	db/db_test.cc:1952
	db/db_test.cc:1993
	db/db_test.cc:2069
	db/db_test.cc:2079
	db/db_test.cc:2087
	db/db_test.cc:2886
	db/c.cc:142
	db/db_bench.cc:113
	db/db_bench.cc:142
	db/db_bench.cc:610
	db/db_bench.cc:689
	db/db_bench.cc:850
	db/db_bench.cc:874
	db/db_bench.cc:877
	db/db_bench.cc:912
	db/db_bench.cc:934
	db/db_bench.cc:937
	db/db_bench.cc:940
	db/db_bench.cc:943
	db/db_bench.cc:946
	db/db_bench.cc:949
	db/db_bench.cc:1077
	db/db_bench.cc:1264
	db/db_bench.cc:1480
	db/log_test.cc:68
	db/log_test.cc:68
	db/log_test.cc:74
	db/log_test.cc:124
	db/filename.cc:97
	db/filename.cc:100
	db/filename.cc:109
	db/filename.cc:119
	db/memtable.h:63
	db/zenfs.cc:32
	db/zenfs.cc:155
	db/zenfs.cc:159
	db/zenfs.cc:169
	db/zenfs.cc:229
	db/zenfs.cc:247
	db/zenfs.cc:474
	db/zenfs.cc:536
	db/zenfs.cc:540
	db/zenfs.cc:568
	db/zenfs.cc:572
	db/zenfs.cc:600
	db/zenfs.cc:604
	db/zenfs.cc:632
	db/zenfs.cc:636
	db/zenfs.cc:688
	db/zenfs.cc:692
	db/zenfs.cc:727
	db/zenfs.cc:751
	db/memtable.cc:162
	db/io_zenfs.h:70
	db/io_zenfs.h:74
	db/io_zenfs.h:75
	db/repair.cc:212
	db/repair.cc:316
	include/pebblesdb/env.h:130
	include/pebblesdb/env.h:136
	include/pebblesdb/env.h:139
	include/pebblesdb/env.h:141
	include/pebblesdb/env.h:167
	include/pebblesdb/env.h:168
	include/pebblesdb/env.h:172
	include/pebblesdb/env.h:174
	include/pebblesdb/env.h:537
	include/pebblesdb/status.h:31
	include/pebblesdb/status.h:32
	include/pebblesdb/status.h:54
	include/pebblesdb/status.h:506
	include/pebblesdb/status.h:512
	include/pebblesdb/status.h:513
	include/pebblesdb/status.h:598
	include/pebblesdb/status.h:600
	include/pebblesdb/options.h:44
	include/pebblesdb/options.h:48
	include/pebblesdb/options.h:56
	include/pebblesdb/options.h:146
	include/pebblesdb/options.h:157
	include/pebblesdb/options.h:161
	include/pebblesdb/options.h:173
	include/pebblesdb/options.h:186
	include/pebblesdb/options.h:189
	include/pebblesdb/options.h:191
	include/pebblesdb/options.h:196
	include/pebblesdb/options.h:200
	include/pebblesdb/filter_policy.h:47
	include/pebblesdb/filter_policy.h:48
	include/pebblesdb/filter_policy.h:58
	include/pebblesdb/replay_iterator.h:35
	include/pebblesdb/db.h:114
	demo/installation_test.cc:13
	doc/bench/db_bench_sqlite3.cc:54
	doc/bench/db_bench_sqlite3.cc:70
	doc/bench/db_bench_sqlite3.cc:363
	doc/bench/db_bench_sqlite3.cc:406
	doc/bench/db_bench_sqlite3.cc:692
	doc/bench/db_bench_tree_db.cc:54
	doc/bench/db_bench_tree_db.cc:65
	doc/bench/db_bench_tree_db.cc:67
	doc/bench/db_bench_tree_db.cc:321
	doc/bench/db_bench_tree_db.cc:338
	doc/bench/db_bench_tree_db.cc:377
	doc/bench/db_bench_tree_db.cc:509
	port/port_example.h:20
	port/port_example.h:105
	port/port_example.h:111
	port/port_example.h:116
	port/port_example.h:127
	port/port_posix.h:155
	port/port_posix.h:166
	port/port_posix.h:178
	port/port_posix.h:185
	table/iterator_wrapper.h:16
	table/iterator_wrapper.h:29
	table/iterator_wrapper.h:47
	table/iterator.cc:46
	table/iterator.cc:50
	table/iterator.cc:51
	table/iterator.cc:52
	table/iterator.cc:53
	table/block_builder.cc:44
	table/block_builder.cc:55
	table/format.cc:71
	table/format.cc:72
	table/format.cc:114
	table/format.cc:115
	table/filter_block.cc:166
	table/filter_block_test.cc:37
	table/merger.cc:66
	table/merger.cc:169
	table/merger.cc:194
	table/merger.cc:537
	table/block.cc:240
	table/block.cc:248
	table/table.cc:284
	table/table.cc:289
	table/table_test.cc:215
	table/table_test.cc:216
	table/table_test.cc:424
	table/table_test.cc:425
	table/table_test.cc:426
	table/table_test.cc:431
	table/table_test.cc:432
	table/table_test.cc:433
	table/table_test.cc:439
	table/table_test.cc:443
	table/table_test.cc:531
	table/table_test.cc:675
	table/table_test.cc:676
	table/table_test.cc:749
	table/table_builder.cc:57
	table/table_builder.cc:60
	table/table_builder.cc:116
	table/table_builder.cc:248
	helpers/memenv/memenv.cc:34
	util/env.cc:13
	util/env.cc:99
	util/env.cc:99
	util/env.cc:260
	util/env.cc:318
	util/testharness.h:64
	util/testharness.h:72
	util/testharness.h:82
	util/logging.h:39
	util/logging.h:44
	util/env_posix.cc:110
	util/env_posix.cc:113
	util/env_posix.cc:118
	util/env_posix.cc:306
	util/env_posix.cc:324
	util/env_posix.cc:359
	util/env_posix.cc:368
	util/env_posix.cc:387
	util/env_posix.cc:589
	util/env_posix.cc:772
	util/env_posix.cc:870
	util/status.cc:54
	util/status.cc:55
	util/status.cc:127
	util/status.cc:136
	util/bloom_test.cc:118
	util/bloom_test.cc:138
	util/coding.cc:148
	util/coding.cc:177
	util/coding.cc:202
	util/bloom.cc:43
	util/bloom.cc:75
	util/bloom.cc:93
	util/random.h:50
	util/testutil.h:36
	util/coding.h:110
	util/coding.h:119
	util/options.cc:14
	util/options.cc:15
	util/options.cc:16
	util/options.cc:26
	util/atomic.cc:71
	util/atomic.cc:72
	util/atomic.cc:73
	util/atomic.cc:118
	util/logging.cc:61
	util/logging.cc:76
	leveldb-verify.cc:55
	leveldb-verify.cc:62
	leveldb-verify.cc:143
	leveldb-verify.cc:174
	leveldb-verify.cc:201
	leveldb-verify.cc:213
	benchmark.cc:104
	issues/issue178_test.cc:40
	issues/issue200_test.cc:23
	db/leveldb_main.cc:55
	db/leveldb_main.cc:64
	db/leveldb_main.cc:189
	db/leveldb_main.cc:216
	db/leveldb_main.cc:236
	db/io_zenfs.cc:118
	db/io_zenfs.cc:137
	db/io_zenfs.cc:182
	db/io_zenfs.cc:285
	db/io_zenfs.cc:290
	db/io_zenfs.cc:291
	db/io_zenfs.cc:384
	db/io_zenfs.cc:805
	db/corruption_test.cc:48
	db/corruption_test.cc:98
	db/corruption_test.cc:261
	db/corruption_test.cc:269
	db/corruption_test.cc:300
	db/corruption_test.cc:392
	db/version_edit.cc:144
	db/version_edit.cc:155
	db/version_edit.cc:180
	db/version_edit.cc:188
	db/version_edit.cc:196
	db/version_edit.cc:204
	db/version_edit.cc:212
	db/replay_iterator.cc:150
	db/replay_iterator.cc:159
	db/replay_iterator.cc:174
	db/replay_iterator.cc:177
	db/log_reader.h:39
	db/log_reader.h:48
	db/log_reader.h:89
	db/version_set.h:121
	db/version_set.h:164
	db/version_set.h:171
	db/version_set.h:194
	db/version_set.h:499
	db/version_set.h:773
	db/version_set.h:998
	db/log_reader.cc:56
	db/log_reader.cc:74
	db/log_reader.cc:94
	db/log_reader.cc:110
	db/log_reader.cc:130
	db/log_reader.cc:182
	db/log_reader.cc:192
	db/log_reader.cc:195
	db/dbformat.h:103
	db/version_set.cc:274
	db/version_set.cc:278
	db/version_set.cc:282
	db/version_set.cc:303
	db/version_set.cc:547
	db/version_set.cc:561
	db/version_set.cc:633
	db/version_set.cc:644
	db/version_set.cc:666
	db/version_set.cc:667
	db/version_set.cc:690
	db/version_set.cc:691
	db/version_set.cc:963
	db/version_set.cc:1043
	db/version_set.cc:1070
	db/version_set.cc:1071
	db/version_set.cc:1124
	db/version_set.cc:1267
	db/version_set.cc:1825
	db/version_set.cc:1856
	db/version_set.cc:1991
	db/version_set.cc:2084
	db/version_set.cc:2085
	db/version_set.cc:2105
	db/version_set.cc:2106
	db/version_set.cc:2261
	db/version_set.cc:2450
	db/version_set.cc:2471
	db/version_set.cc:2476
	db/version_set.cc:2481
	db/version_set.cc:2486
	db/version_set.cc:3016
	db/version_set.cc:3106
	db/version_set.cc:3112
	db/version_set.cc:3137
	db/version_set.cc:3145
	db/version_set.cc:3223
	db/version_set.cc:3224
	db/version_set.cc:3230
	db/version_set.cc:3307
	db/version_set.cc:3308
	db/version_set.cc:3329
	db/version_set.cc:3595
	db/version_set.cc:3720
	db/db_iter.cc:156
	db/db_iter.cc:184
	db/db_iter.cc:199
	db/db_iter.cc:206
	db/db_iter.cc:229
	db/db_iter.cc:286
	db/db_impl.cc:86
	db/db_impl.cc:360
	db/db_impl.cc:383
	db/db_impl.cc:405
	db/db_impl.cc:408
	db/db_impl.cc:564
	db/db_impl.cc:734
	db/db_impl.cc:902
	db/db_impl.cc:928
	db/db_impl.cc:1031
	db/db_impl.cc:1056
	db/db_impl.cc:1058
	db/db_impl.cc:1118
	db/db_impl.cc:1321
	db/db_impl.cc:1353
	db/db_impl.cc:1362
	db/db_impl.cc:1373
	db/db_impl.cc:1637
	db/db_impl.cc:1797
	db/db_impl.cc:1941
	db/db_impl.cc:1973
	db/db_impl.cc:1977
	db/db_impl.cc:2007
	db/db_impl.cc:2022
	db/db_impl.cc:2067
	db/db_impl.cc:2117
	db/db_impl.cc:2120
	db/db_impl.cc:2167
	db/db_impl.cc:2182
	db/db_impl.cc:2197
	db/db_impl.cc:2211
	db/db_impl.cc:2223
	db/db_impl.cc:2235
	db/db_impl.cc:2259
	db/db_impl.cc:2262
	db/db_impl.cc:2273
	db/db_impl.cc:2323
	db/db_impl.cc:2343
	db/db_impl.cc:2354
	db/db_impl.cc:2498
	db/zbd_zenfs.h:62
	db/zbd_zenfs.h:66
	db/skiplist.h:55
	db/skiplist.h:65
	db/skiplist.h:115
	db/skiplist.h:159
	db/skiplist.h:286
	db/skiplist.h:319
	db/skiplist.h:346
	db/skiplist.h:367
	db/skiplist.h:410
	db/skiplist.h:419
	db/skiplist.h:437
	db/skiplist_test.cc:245
	db/version_set_test.cc:17
	db/fs_zenfs.cc:475
	db/fs_zenfs.cc:692
	db/fs_zenfs.cc:705
	db/fs_zenfs.cc:866
	db/fs_zenfs.cc:875
	db/fs_zenfs.cc:887
	db/fs_zenfs.cc:905
	db/fs_zenfs.cc:1026
	db/fs_zenfs.cc:1186
	db/fs_zenfs.cc:1214
	db/fs_zenfs.cc:1386
	db/fs_zenfs.cc:1400
	db/fs_zenfs.cc:1527
	db/fs_zenfs.cc:1726
	db/zbd_zenfs.cc:515
	db/zbd_zenfs.cc:557
	db/zbd_zenfs.cc:572
	db/zbd_zenfs.cc:772
	db/zbd_zenfs.cc:874
	db/zbd_zenfs.cc:909
	db/filename.h:72
	db/log_writer.cc:34
	db/log_writer.cc:62
	db/db_test.cc:270
	db/db_test.cc:320
	db/db_test.cc:413
	db/db_test.cc:646
	db/db_test.cc:1494
	db/db_test.cc:1567
	db/db_test.cc:1568
	db/db_test.cc:1576
	db/db_test.cc:1578
	db/db_test.cc:1584
	db/db_test.cc:1655
	db/db_test.cc:1688
	db/db_test.cc:1723
	db/db_test.cc:1740
	db/db_test.cc:1758
	db/db_test.cc:1940
	db/db_test.cc:2058
	db/db_test.cc:2259
	db/db_test.cc:2884
	db/db_test.cc:3086
	db/version_edit.h:74
	db/version_edit.h:78
	db/version_edit.h:82
	db/version_edit.h:86
	db/version_edit.h:90
	db/c.cc:150
	db/c.cc:584
	db/autocompact_test.cc:27
	db/autocompact_test.cc:82
	db/db_bench.cc:139
	db/db_bench.cc:856
	db/db_bench.cc:859
	db/db_bench.cc:863
	db/db_bench.cc:867
	db/db_bench.cc:871
	db/db_bench.cc:880
	db/db_bench.cc:882
	db/db_bench.cc:885
	db/db_bench.cc:1094
	db/db_bench.cc:1152
	db/db_bench.cc:1255
	db/db_bench.cc:1476
	db/db_bench.cc:1489
	db/db_bench.cc:1523
	db/log_test.cc:75
	db/log_test.cc:81
	db/log_test.cc:126
	db/log_test.cc:141
	db/log_test.cc:173
	db/log_test.cc:203
	db/log_test.cc:205
	db/log_test.cc:216
	db/log_test.cc:218
	db/filename.cc:123
	db/memtable.h:60
	db/memtable.h:62
	db/zenfs.cc:155
	db/zenfs.cc:169
	db/zenfs.cc:229
	db/zenfs.cc:233
	db/zenfs.cc:247
	db/zenfs.cc:252
	db/zenfs.cc:467
	db/zenfs.cc:467
	db/zenfs.cc:474
	db/zenfs.cc:481
	db/zenfs.cc:536
	db/zenfs.cc:568
	db/zenfs.cc:600
	db/zenfs.cc:632
	db/zenfs.cc:688
	db/zenfs.cc:727
	db/zenfs.cc:732
	db/zenfs.cc:751
	db/zenfs.cc:755
	db/zenfs.cc:784
	db/memtable.cc:152
	db/memtable.cc:156
	db/io_zenfs.h:163
	db/io_zenfs.h:236
	db/repair.cc:302
	include/pebblesdb/env.h:128
	include/pebblesdb/env.h:132
	include/pebblesdb/env.h:133
	include/pebblesdb/env.h:135
	include/pebblesdb/env.h:138
	include/pebblesdb/env.h:142
	include/pebblesdb/env.h:144
	include/pebblesdb/env.h:145
	include/pebblesdb/env.h:153
	include/pebblesdb/env.h:170
	include/pebblesdb/env.h:174
	include/pebblesdb/env.h:176
	include/pebblesdb/env.h:318
	include/pebblesdb/env.h:534
	include/pebblesdb/slice.h:47
	include/pebblesdb/slice.h:81
	include/pebblesdb/status.h:306
	include/pebblesdb/status.h:313
	include/pebblesdb/status.h:321
	include/pebblesdb/status.h:328
	include/pebblesdb/status.h:335
	include/pebblesdb/status.h:342
	include/pebblesdb/status.h:349
	include/pebblesdb/status.h:356
	include/pebblesdb/status.h:363
	include/pebblesdb/status.h:370
	include/pebblesdb/status.h:395
	include/pebblesdb/status.h:409
	include/pebblesdb/status.h:416
	include/pebblesdb/status.h:425
	include/pebblesdb/status.h:432
	include/pebblesdb/status.h:439
	include/pebblesdb/status.h:450
	include/pebblesdb/status.h:459
	include/pebblesdb/status.h:470
	include/pebblesdb/status.h:478
	include/pebblesdb/status.h:485
	include/pebblesdb/status.h:536
	include/pebblesdb/iterator.h:29
	include/pebblesdb/iterator.h:46
	include/pebblesdb/iterator.h:51
	include/pebblesdb/options.h:43
	include/pebblesdb/options.h:47
	include/pebblesdb/options.h:51
	include/pebblesdb/options.h:155
	include/pebblesdb/options.h:162
	include/pebblesdb/options.h:174
	include/pebblesdb/options.h:181
	include/pebblesdb/options.h:183
	include/pebblesdb/options.h:193
	include/pebblesdb/filter_policy.h:45
	include/pebblesdb/filter_policy.h:47
	include/pebblesdb/replay_iterator.h:18
	include/pebblesdb/replay_iterator.h:22
	include/pebblesdb/replay_iterator.h:34
	include/pebblesdb/db.h:61
	include/pebblesdb/db.h:69
	include/pebblesdb/db.h:74
	include/pebblesdb/db.h:81
	include/pebblesdb/db.h:114
	include/pebblesdb/db.h:163
	demo/installation_test.cc:12
	demo/installation_test.cc:14
	doc/bench/db_bench_sqlite3.cc:67
	doc/bench/db_bench_sqlite3.cc:72
	doc/bench/db_bench_sqlite3.cc:73
	doc/bench/db_bench_sqlite3.cc:75
	doc/bench/db_bench_sqlite3.cc:76
	doc/bench/db_bench_sqlite3.cc:362
	doc/bench/db_bench_sqlite3.cc:383
	doc/bench/db_bench_sqlite3.cc:387
	doc/bench/db_bench_tree_db.cc:62
	doc/bench/db_bench_tree_db.cc:67
	doc/bench/db_bench_tree_db.cc:69
	doc/bench/db_bench_tree_db.cc:337
	doc/bench/db_bench_tree_db.cc:349
	doc/bench/db_bench_tree_db.cc:353
	doc/bench/db_bench_tree_db.cc:463
	doc/bench/db_bench_tree_db.cc:509
	port/port_example.h:19
	port/port_example.h:21
	port/port_example.h:111
	port/port_example.h:116
	port/port_example.h:128
	port/port_posix.h:148
	table/block_builder.cc:71
	table/format.cc:118
	table/format.cc:119
	table/format.cc:138
	table/format.cc:139
	table/filter_block.cc:169
	table/filter_block_test.cc:34
	table/merger.cc:127
	table/merger.cc:139
	table/merger.cc:163
	table/merger.cc:164
	table/merger.cc:189
	table/merger.cc:190
	table/merger.cc:310
	table/merger.cc:380
	table/merger.cc:551
	table/block.cc:201
	table/block.cc:257
	table/table.cc:287
	table/block_builder.h:38
	table/table_test.cc:399
	table/table_test.cc:400
	table/table_test.cc:427
	table/table_test.cc:428
	table/table_test.cc:429
	table/table_test.cc:434
	table/table_test.cc:435
	table/table_test.cc:436
	table/table_test.cc:440
	table/table_test.cc:444
	table/table_builder.cc:41
	table/table_builder.cc:141
	table/table_builder.cc:215
	table/table_builder.cc:271
	helpers/memenv/memenv.cc:41
	helpers/memenv/memenv_test.cc:187
	util/env.cc:262
	util/env.cc:323
	util/env.cc:335
	util/testharness.cc:33
	util/env_test.cc:88
	util/testharness.h:51
	util/logging.h:39
	util/env_posix.cc:109
	util/env_posix.cc:121
	util/env_posix.cc:125
	util/env_posix.cc:310
	util/env_posix.cc:364
	util/env_posix.cc:506
	util/env_posix.cc:756
	util/env_posix.cc:883
	util/env_posix.cc:904
	util/arena.cc:86
	util/coding.cc:151
	util/coding.cc:180
	util/coding.cc:200
	util/bloom.cc:86
	util/bloom.cc:96
	util/random.h:50
	util/coding.h:114
	util/coding.h:123
	util/atomic.cc:114
	util/logging.cc:59
autoscan: warning: missing AC_C_INLINE wanted by: 
	db/dbformat.h:94
	db/dbformat.h:110
	db/dbformat.h:115
	db/dbformat.h:194
	db/dbformat.h:199
	db/dbformat.h:247
	db/db_iter.cc:99
	db/db_iter.cc:103
	db/db_iter.cc:137
	db/zbd_zenfs.h:73
	db/skiplist.h:208
	db/skiplist.h:214
	db/skiplist.h:219
	db/skiplist.h:225
	db/skiplist.h:231
	db/skiplist.h:242
	db/skiplist.h:247
	db/skiplist.h:252
	db/fs_zenfs.cc:636
	db/zbd_zenfs.cc:166
	db/murmurhash3.cc:34
	db/murmurhash3.cc:39
	include/pebblesdb/slice.h:94
	include/pebblesdb/slice.h:99
	include/pebblesdb/slice.h:103
	include/pebblesdb/status.h:50
	include/pebblesdb/status.h:52
	include/pebblesdb/status.h:534
	include/pebblesdb/status.h:540
	include/pebblesdb/status.h:551
	include/pebblesdb/status.h:562
	include/pebblesdb/status.h:579
	include/pebblesdb/status.h:585
	include/pebblesdb/status.h:608
	include/pebblesdb/status.h:615
	doc/bench/db_bench_sqlite3.cc:81
	doc/bench/db_bench_sqlite3.cc:90
	doc/bench/db_bench_sqlite3.cc:98
	doc/bench/db_bench_sqlite3.cc:106
	doc/bench/db_bench_tree_db.cc:74
	port/atomic_pointer.h:64
	port/atomic_pointer.h:76
	port/atomic_pointer.h:85
	port/atomic_pointer.h:105
	port/atomic_pointer.h:112
	port/atomic_pointer.h:129
	port/atomic_pointer.h:130
	port/atomic_pointer.h:131
	port/atomic_pointer.h:141
	port/atomic_pointer.h:159
	port/atomic_pointer.h:162
	port/atomic_pointer.h:165
	port/atomic_pointer.h:168
	port/atomic_pointer.h:181
	port/atomic_pointer.h:191
	port/atomic_pointer.h:199
	port/atomic_pointer.h:200
	port/atomic_pointer.h:211
	port/atomic_pointer.h:221
	port/atomic_pointer.h:229
	port/atomic_pointer.h:230
	port/port_posix.h:141
	port/port_posix.h:158
	port/port_posix.h:170
	port/port_posix.h:182
	table/format.h:105
	table/block.cc:18
	table/block.cc:54
	table/block.cc:93
	table/block.cc:98
	util/crc32c.h:20
	util/crc32c.h:31
	util/crc32c.h:37
	util/cache.cc:285
	util/coding.h:64
	util/coding.h:78
	util/coding.h:95
	util/coding.h:108
	util/coding.h:117
	util/atomic.h:74
	util/atomic.h:96
	util/atomic.h:102
	util/atomic.h:109
	util/atomic.h:117
	util/atomic.h:135
	util/atomic.h:142
	util/atomic.h:166
	util/atomic.h:173
	util/atomic.h:181
	util/atomic.h:192
	util/atomic.h:202
	util/atomic.h:208
	util/atomic.h:217
	util/atomic.h:224
	util/atomic.h:244
	util/atomic.h:255
	util/atomic.h:263
	util/atomic.h:270
	util/atomic.h:281
	util/atomic.h:292
	util/atomic.h:298
	util/atomic.h:303
	util/atomic.h:323
	util/atomic.h:338
	util/atomic.h:355
	util/atomic.h:361
	util/atomic.h:378
	util/atomic.h:395
	util/atomic.h:406
	util/atomic.h:429
	util/atomic.h:447
	util/atomic.h:458
	util/atomic.h:473
	util/atomic.h:487
	util/atomic.h:511
	util/atomic.h:532
	util/atomic.h:547
	util/atomic.h:568
	util/atomic.h:594
	util/atomic.h:614
	util/atomic.h:626
	util/atomic.h:640
	util/atomic.h:652
autoscan: warning: missing AC_FUNC_MALLOC wanted by: 
	db/c_test.c:144
	db/c.cc:154
	db/db_bench.cc:591
	util/cache.cc:237
	util/string_builder.h:15
	util/string_builder.h:35
autoscan: warning: missing AC_FUNC_REALLOC wanted by: 
	util/string_builder.h:42
	util/string_builder.h:75
autoscan: warning: missing AC_FUNC_STRERROR_R wanted by: 
	util/env.cc:188
autoscan: warning: missing AC_HEADER_MAJOR wanted by: 
	util/env.cc:257
	util/env.cc:257
	util/env.cc:258
	util/env.cc:258
autoscan: warning: missing AC_PROG_RANLIB wanted by: 
	ltmain.sh:3864
autoscan: warning: missing AC_TYPE_INT16_T wanted by: 
	port/win/stdint.h:16
autoscan: warning: missing AC_TYPE_INT32_T wanted by: 
	port/win/stdint.h:17
	util/status.cc:143
autoscan: warning: missing AC_TYPE_INT64_T wanted by: 
	db/version_set.h:687
	db/version_set.h:765
	db/version_set.cc:132
	db/version_set.cc:133
	db/version_set.cc:2848
	db/version_set.cc:2853
	db/version_set.cc:2854
	db/version_set.cc:2861
	db/version_set.cc:3082
	db/version_set.cc:3083
	db/version_set.cc:3084
	db/version_set.cc:3139
	db/version_set.cc:3140
	db/version_set.cc:3141
	db/db_impl.cc:1272
	db/db_impl.cc:1585
	db/skiplist_test.cc:349
	db/zbd_zenfs.cc:409
	db/autocompact_test.cc:77
	db/autocompact_test.cc:78
	db/autocompact_test.cc:103
	db/db_bench.cc:210
	db/db_bench.cc:288
	db/db_bench.cc:395
	db/db_bench.cc:798
	db/db_bench.cc:1117
	db/db_bench.cc:1150
	db/db_bench.cc:1151
	db/db_bench.cc:1177
	db/db_bench.cc:1278
	db/db_bench.cc:1305
	db/db_bench.cc:1318
	db/db_impl.h:90
	db/db_impl.h:280
	db/db_impl.h:281
	db/db_impl.h:282
	doc/bench/db_bench_sqlite3.cc:171
	doc/bench/db_bench_sqlite3.cc:188
	doc/bench/db_bench_tree_db.cc:140
	doc/bench/db_bench_tree_db.cc:160
	port/win/stdint.h:18
	table/table_builder.cc:29
autoscan: warning: missing AC_TYPE_INT8_T wanted by: 
	db/murmurhash3.cc:34
	db/murmurhash3.cc:39
	port/win/stdint.h:15
autoscan: warning: missing AC_TYPE_OFF_T wanted by: 
	util/env_posix.cc:87
autoscan: warning: missing AC_TYPE_SIZE_T wanted by: 
	leveldb-verify.cc:24
	leveldb-verify.cc:38
	benchmark.cc:147
	benchmark.cc:215
	benchmark.cc:222
	leveldb-dump-all.cc:47
	leveldb-dump-all.cc:52
	issues/issue178_test.cc:46
	issues/issue178_test.cc:53
	issues/issue178_test.cc:60
	issues/issue178_test.cc:76
	db/leveldb_main.cc:24
	db/leveldb_main.cc:38
	db/io_zenfs.cc:329
	db/io_zenfs.cc:341
	db/io_zenfs.cc:343
	db/io_zenfs.cc:371
	db/io_zenfs.cc:380
	db/io_zenfs.cc:403
	db/io_zenfs.cc:404
	db/io_zenfs.cc:782
	db/io_zenfs.cc:1022
	db/io_zenfs.cc:1040
	db/io_zenfs.cc:1047
	db/io_zenfs.cc:1054
	db/io_zenfs.cc:1054
	db/io_zenfs.cc:1072
	db/io_zenfs.cc:1114
	db/io_zenfs.cc:1114
	db/corruption_test.cc:160
	db/version_edit.cc:47
	db/version_edit.cc:76
	db/version_edit.cc:90
	db/version_edit.cc:110
	db/version_edit.cc:111
	db/version_edit.cc:121
	db/version_edit.cc:122
	db/version_edit.cc:296
	db/version_edit.cc:366
	db/version_edit.cc:380
	db/version_edit.cc:403
	db/version_edit.cc:404
	db/version_edit.cc:418
	db/version_edit.cc:426
	db/version_edit.cc:427
	db/version_edit.cc:441
	db/fs_zenfs.h:98
	db/fs_zenfs.h:102
	db/fs_zenfs.h:381
	db/write_batch.cc:34
	db/write_batch.cc:206
	db/log_reader.h:29
	db/log_reader.h:97
	db/log_reader.h:98
	db/version_set.h:214
	db/version_set.h:216
	db/version_set.h:218
	db/version_set.h:230
	db/version_set.h:240
	db/version_set.h:974
	db/version_set.h:989
	db/version_set.h:1038
	db/log_reader.cc:36
	db/log_reader.cc:170
	db/log_reader.cc:174
	db/log_reader.cc:215
	db/log_reader.cc:244
	db/dbformat.h:94
	db/dbformat.h:117
	db/dbformat.h:201
	db/version_set.cc:134
	db/version_set.cc:152
	db/version_set.cc:297
	db/version_set.cc:775
	db/version_set.cc:835
	db/version_set.cc:876
	db/version_set.cc:877
	db/version_set.cc:909
	db/version_set.cc:928
	db/version_set.cc:1211
	db/version_set.cc:1257
	db/version_set.cc:1272
	db/version_set.cc:1277
	db/version_set.cc:1287
	db/version_set.cc:1383
	db/version_set.cc:1401
	db/version_set.cc:1423
	db/version_set.cc:1442
	db/version_set.cc:1465
	db/version_set.cc:1608
	db/version_set.cc:1625
	db/version_set.cc:1664
	db/version_set.cc:1674
	db/version_set.cc:1823
	db/version_set.cc:2411
	db/version_set.cc:2534
	db/version_set.cc:2536
	db/version_set.cc:2660
	db/version_set.cc:2667
	db/version_set.cc:2673
	db/version_set.cc:2684
	db/version_set.cc:2807
	db/version_set.cc:2841
	db/version_set.cc:2857
	db/version_set.cc:2879
	db/version_set.cc:2933
	db/version_set.cc:2934
	db/version_set.cc:2936
	db/version_set.cc:2936
	db/version_set.cc:2971
	db/version_set.cc:2974
	db/version_set.cc:2979
	db/version_set.cc:2980
	db/version_set.cc:2982
	db/version_set.cc:3270
	db/version_set.cc:3577
	db/version_set.cc:3611
	db/version_set.cc:3637
	db/version_set.cc:3655
	db/version_set.cc:3675
	db/version_set.cc:3690
	db/db_impl.cc:381
	db/db_impl.cc:481
	db/db_impl.cc:497
	db/db_impl.cc:530
	db/db_impl.cc:644
	db/db_impl.cc:1141
	db/db_impl.cc:1254
	db/db_impl.cc:1310
	db/db_impl.cc:1481
	db/db_impl.cc:1490
	db/db_impl.cc:2265
	db/db_impl.cc:2307
	db/db_impl.cc:2375
	db/db_impl.cc:2535
	db/c_test.c:41
	db/c_test.c:70
	db/c_test.c:80
	db/c_test.c:90
	db/c_test.c:91
	db/c_test.c:108
	db/c_test.c:117
	db/c_test.c:118
	db/c_test.c:140
	db/c_test.c:142
	db/c_test.c:150
	db/c_test.c:151
	db/c_test.c:284
	db/c_test.c:286
	db/log_writer.h:40
	db/fs_zenfs.cc:139
	db/fs_zenfs.cc:177
	db/fs_zenfs.cc:178
	db/fs_zenfs.cc:483
	db/zbd_zenfs.cc:78
	db/zbd_zenfs.cc:106
	db/zbd_zenfs.cc:122
	db/log_writer.cc:55
	db/log_writer.cc:79
	db/log_writer.cc:80
	db/log_writer.cc:111
	db/db_test.cc:211
	db/db_test.cc:363
	db/db_test.cc:392
	db/db_test.cc:643
	db/db_test.cc:659
	db/db_test.cc:2647
	db/db_test.cc:2649
	db/c.cc:72
	db/c.cc:73
	db/c.cc:99
	db/c.cc:101
	db/c.cc:104
	db/c.cc:105
	db/c.cc:117
	db/c.cc:122
	db/c.cc:180
	db/c.cc:181
	db/c.cc:190
	db/c.cc:207
	db/c.cc:208
	db/c.cc:262
	db/c.cc:263
	db/c.cc:276
	db/c.cc:277
	db/c.cc:316
	db/c.cc:328
	db/c.cc:334
	db/c.cc:358
	db/c.cc:359
	db/c.cc:365
	db/c.cc:372
	db/c.cc:372
	db/c.cc:373
	db/c.cc:377
	db/c.cc:377
	db/c.cc:378
	db/c.cc:439
	db/c.cc:451
	db/c.cc:468
	db/c.cc:469
	db/c.cc:488
	db/c.cc:490
	db/c.cc:493
	db/c.cc:494
	db/c.cc:570
	db/db_bench.cc:173
	db/db_bench.cc:184
	db/db_bench.cc:188
	db/db_bench.cc:475
	db/db_bench.cc:571
	db/db_bench.cc:1020
	db/dbformat.cc:125
	db/dbformat.cc:126
	db/log_test.cc:18
	db/log_test.cc:70
	db/log_test.cc:102
	db/log_test.cc:106
	db/log_test.cc:120
	db/log_test.cc:135
	db/log_test.cc:176
	db/log_test.cc:233
	db/memtable.h:43
	db/metrics.h:122
	db/metrics.h:129
	db/metrics.h:130
	db/metrics.h:134
	db/metrics.h:138
	db/metrics.h:153
	db/zenfs.cc:95
	db/zenfs.cc:340
	db/zenfs.cc:368
	db/zenfs.cc:448
	db/memtable.cc:37
	db/memtable.cc:107
	db/memtable.cc:108
	db/memtable.cc:109
	db/memtable.cc:110
	db/memtable.cc:121
	db/filesystem_utility.h:91
	db/io_zenfs.h:116
	db/io_zenfs.h:137
	db/io_zenfs.h:137
	db/io_zenfs.h:237
	db/io_zenfs.h:254
	db/io_zenfs.h:279
	db/io_zenfs.h:281
	db/io_zenfs.h:282
	db/io_zenfs.h:289
	db/io_zenfs.h:293
	db/io_zenfs.h:293
	db/io_zenfs.h:308
	db/io_zenfs.h:309
	db/io_zenfs.h:313
	db/io_zenfs.h:321
	db/io_zenfs.h:325
	db/io_zenfs.h:325
	db/io_zenfs.h:329
	db/io_zenfs.h:329
	db/write_batch_internal.h:37
	db/repair.cc:87
	db/repair.cc:139
	db/repair.cc:161
	db/repair.cc:183
	db/repair.cc:264
	db/repair.cc:403
	db/repair.cc:414
	db/repair.cc:438
	include/pebblesdb/c.h:82
	include/pebblesdb/c.h:83
	include/pebblesdb/c.h:89
	include/pebblesdb/c.h:103
	include/pebblesdb/c.h:104
	include/pebblesdb/c.h:127
	include/pebblesdb/c.h:128
	include/pebblesdb/c.h:133
	include/pebblesdb/c.h:134
	include/pebblesdb/c.h:154
	include/pebblesdb/c.h:157
	include/pebblesdb/c.h:158
	include/pebblesdb/c.h:168
	include/pebblesdb/c.h:169
	include/pebblesdb/c.h:172
	include/pebblesdb/c.h:176
	include/pebblesdb/c.h:176
	include/pebblesdb/c.h:177
	include/pebblesdb/c.h:197
	include/pebblesdb/c.h:200
	include/pebblesdb/c.h:216
	include/pebblesdb/c.h:217
	include/pebblesdb/c.h:228
	include/pebblesdb/c.h:230
	include/pebblesdb/c.h:233
	include/pebblesdb/c.h:234
	include/pebblesdb/c.h:263
	include/pebblesdb/env.h:79
	include/pebblesdb/env.h:79
	include/pebblesdb/env.h:179
	include/pebblesdb/env.h:182
	include/pebblesdb/env.h:185
	include/pebblesdb/env.h:512
	include/pebblesdb/env.h:513
	include/pebblesdb/env.h:572
	include/pebblesdb/env.h:611
	include/pebblesdb/slice.h:31
	include/pebblesdb/slice.h:45
	include/pebblesdb/slice.h:52
	include/pebblesdb/slice.h:66
	include/pebblesdb/slice.h:89
	include/pebblesdb/slice.h:104
	include/pebblesdb/options.h:83
	include/pebblesdb/options.h:106
	include/pebblesdb/filter_policy.h:52
	include/pebblesdb/cache.h:30
	include/pebblesdb/cache.h:52
	port/port_example.h:106
	port/port_example.h:112
	port/port_example.h:113
	port/port_example.h:122
	port/port_posix.h:141
	port/port_posix.h:145
	port/port_posix.h:158
	port/port_posix.h:159
	port/port_posix.h:170
	table/filter_block.h:38
	table/filter_block.h:65
	table/filter_block.h:85
	table/filter_block.h:86
	table/block_builder.cc:59
	table/block_builder.cc:67
	table/block_builder.cc:83
	table/block_builder.cc:86
	table/block_builder.cc:97
	table/format.cc:34
	table/format.cc:76
	table/format.cc:76
	table/format.cc:125
	table/filter_block.cc:24
	table/filter_block.cc:45
	table/filter_block.cc:55
	table/filter_block.cc:57
	table/filter_block.cc:71
	table/filter_block.cc:72
	table/filter_block.cc:104
	table/filter_block.cc:114
	table/filter_block.cc:124
	table/filter_block.cc:126
	table/filter_block.cc:146
	table/filter_block_test.cc:32
	table/merger.cc:439
	table/block.h:24
	table/block.h:31
	table/format.h:87
	table/block.cc:31
	table/block_builder.h:36
	table/table_test.cc:131
	table/table_builder.cc:127
	helpers/memenv/memenv.cc:52
	helpers/memenv/memenv.cc:65
	helpers/memenv/memenv.cc:66
	helpers/memenv/memenv.cc:74
	helpers/memenv/memenv.cc:78
	helpers/memenv/memenv.cc:96
	helpers/memenv/memenv.cc:99
	helpers/memenv/memenv.cc:100
	helpers/memenv/memenv.cc:158
	helpers/memenv/memenv.cc:170
	helpers/memenv/memenv.cc:180
	helpers/memenv/memenv.cc:193
	helpers/memenv/memenv_test.cc:153
	helpers/memenv/memenv_test.cc:157
	helpers/memenv/memenv_test.cc:173
	helpers/memenv/memenv_test.cc:195
	helpers/memenv/memenv_test.cc:199
	helpers/memenv/memenv_test.cc:207
	helpers/memenv/memenv_test.cc:219
	util/comparator.cc:38
	util/comparator.cc:39
	util/comparator.cc:60
	util/comparator.cc:61
	util/crc32c.h:17
	util/crc32c.h:20
	util/arena.h:23
	util/arena.h:26
	util/arena.h:36
	util/arena.h:37
	util/arena.h:38
	util/arena.h:40
	util/arena.h:41
	util/testutil.cc:35
	util/env.cc:87
	util/env.cc:87
	util/env.cc:185
	util/env.cc:186
	util/cache.cc:31
	util/cache.cc:32
	util/cache.cc:143
	util/cache.cc:147
	util/cache.cc:159
	util/cache.cc:163
	util/cache.cc:232
	util/cache.cc:294
	util/cache.cc:297
	util/cache.cc:303
	util/cache.cc:333
	util/string_builder.h:44
	util/string_builder.h:52
	util/string_builder.h:56
	util/string_builder.h:69
	util/string_builder.h:70
	util/string_builder.h:86
	util/string_builder.h:87
	util/testharness.cc:41
	util/coding_test.cc:115
	util/coding_test.cc:121
	util/coding_test.cc:146
	util/coding_test.cc:165
	util/env_posix.cc:50
	util/env_posix.cc:52
	util/env_posix.cc:84
	util/env_posix.cc:155
	util/env_posix.cc:160
	util/env_posix.cc:171
	util/env_posix.cc:203
	util/env_posix.cc:281
	util/env_posix.cc:284
	util/env_posix.cc:291
	util/env_posix.cc:291
	util/env_posix.cc:291
	util/env_posix.cc:316
	util/env_posix.cc:319
	util/env_posix.cc:340
	util/env_posix.cc:380
	util/env_posix.cc:433
	util/env_posix.cc:434
	util/env_posix.cc:448
	util/env_posix.cc:505
	util/env_posix.cc:851
	util/status.cc:23
	util/status.cc:59
	util/status.cc:60
	util/status.cc:61
	util/bloom_test.cc:45
	util/bloom_test.cc:54
	util/bloom_test.cc:60
	util/bloom_test.cc:129
	util/arena.cc:80
	util/arena.cc:107
	util/arena.cc:114
	util/arena.cc:116
	util/arena.cc:131
	util/arena.cc:146
	util/bloom.cc:20
	util/bloom.cc:21
	util/bloom.cc:26
	util/bloom.cc:41
	util/bloom.cc:47
	util/bloom.cc:53
	util/bloom.cc:65
	util/bloom.cc:74
	util/bloom.cc:78
	util/bloom.cc:82
	util/bloom.cc:91
	util/testutil.h:27
	util/hash.cc:18
	util/crc32c.cc:25
	util/crc32c.cc:34
	util/crc32c.cc:36
	util/crc32c.cc:43
	util/crc32c.cc:46
	util/crc32c.cc:47
	util/crc32c.cc:48
	util/crc32c.cc:49
	util/crc32c.cc:50
	util/crc32c.cc:54
	util/crc32c.cc:57
	util/crc32c.cc:58
	util/crc32c.cc:65
	util/crc32c.cc:101
	util/logging.cc:31
	util/hash.h:15
	util/arena_test.cc:19
	util/arena_test.cc:22
	util/arena_test.cc:25
	util/arena_test.cc:43
	util/arena_test.cc:54
	util/arena_test.cc:55
	util/arena_test.cc:57
autoscan: warning: missing AC_TYPE_SSIZE_T wanted by: 
	db/io_zenfs.cc:342
	db/db_iter.cc:113
	db/db_iter.cc:129
	db/db_iter.cc:130
	db/db_iter.cc:139
	util/env_posix.cc:87
	util/env_posix.cc:711
	util/arena.cc:149
	util/arena.cc:150
autoscan: warning: missing AC_TYPE_UINT16_T wanted by: 
	port/win/stdint.h:20
autoscan: warning: missing AC_TYPE_UINT32_T wanted by: 
	db/io_zenfs.cc:57
	db/io_zenfs.cc:69
	db/io_zenfs.cc:77
	db/io_zenfs.cc:79
	db/io_zenfs.cc:102
	db/io_zenfs.cc:131
	db/io_zenfs.cc:150
	db/io_zenfs.cc:468
	db/io_zenfs.cc:469
	db/io_zenfs.cc:470
	db/io_zenfs.cc:471
	db/io_zenfs.cc:484
	db/io_zenfs.cc:485
	db/io_zenfs.cc:523
	db/io_zenfs.cc:524
	db/io_zenfs.cc:525
	db/io_zenfs.cc:526
	db/io_zenfs.cc:539
	db/io_zenfs.cc:540
	db/io_zenfs.cc:582
	db/io_zenfs.cc:583
	db/io_zenfs.cc:622
	db/io_zenfs.cc:708
	db/io_zenfs.cc:935
	db/io_zenfs.cc:940
	db/io_zenfs.cc:941
	db/io_zenfs.cc:1077
	db/io_zenfs.cc:1079
	db/io_zenfs.cc:1080
	db/version_edit.cc:151
	db/version_edit.cc:165
	db/fs_zenfs.h:37
	db/fs_zenfs.h:39
	db/fs_zenfs.h:40
	db/fs_zenfs.h:41
	db/fs_zenfs.h:42
	db/fs_zenfs.h:43
	db/fs_zenfs.h:44
	db/fs_zenfs.h:46
	db/fs_zenfs.h:51
	db/fs_zenfs.h:52
	db/fs_zenfs.h:53
	db/fs_zenfs.h:54
	db/fs_zenfs.h:61
	db/fs_zenfs.h:88
	db/fs_zenfs.h:90
	db/fs_zenfs.h:102
	db/fs_zenfs.h:154
	db/fs_zenfs.h:264
	db/write_batch.cc:62
	db/log_reader.cc:210
	db/log_reader.cc:210
	db/log_reader.cc:211
	db/log_reader.cc:211
	db/log_reader.cc:213
	db/log_reader.cc:237
	db/log_reader.cc:238
	db/version_set.cc:168
	db/version_set.cc:169
	db/version_set.cc:171
	db/version_set.cc:210
	db/version_set.cc:211
	db/version_set.cc:213
	db/version_set.cc:310
	db/version_set.cc:394
	db/version_set.cc:817
	db/version_set.cc:826
	db/version_set.cc:839
	db/version_set.cc:887
	db/version_set.cc:951
	db/version_set.cc:1015
	db/version_set.cc:1571
	db/version_set.cc:1592
	db/db_iter.cc:54
	db/db_iter.cc:329
	db/db_impl.cc:1545
	db/db_impl.cc:1581
	db/db_impl.cc:1675
	db/db_impl.cc:1795
	db/zbd_zenfs.h:53
	db/zbd_zenfs.h:79
	db/zbd_zenfs.h:81
	db/zbd_zenfs.h:89
	db/zbd_zenfs.h:135
	db/zbd_zenfs.h:147
	db/zbd_zenfs.h:150
	db/zbd_zenfs.h:168
	db/zbd_zenfs.h:186
	db/skiplist_test.cc:161
	db/skiplist_test.cc:228
	db/skiplist_test.cc:294
	db/log_writer.h:37
	db/fs_zenfs.cc:137
	db/fs_zenfs.cc:140
	db/fs_zenfs.cc:159
	db/fs_zenfs.cc:164
	db/fs_zenfs.cc:165
	db/fs_zenfs.cc:212
	db/fs_zenfs.cc:213
	db/fs_zenfs.cc:214
	db/fs_zenfs.cc:245
	db/fs_zenfs.cc:327
	db/fs_zenfs.cc:1348
	db/fs_zenfs.cc:1438
	db/fs_zenfs.cc:1438
	db/fs_zenfs.cc:1496
	db/fs_zenfs.cc:1496
	db/fs_zenfs.cc:1507
	db/fs_zenfs.cc:1553
	db/fs_zenfs.cc:1600
	db/zbd_zenfs.cc:136
	db/zbd_zenfs.cc:141
	db/zbd_zenfs.cc:672
	db/zbd_zenfs.cc:768
	db/zbd_zenfs.cc:905
	db/log_writer.cc:121
	db/db_bench.cc:1118
	db/murmurhash3.cc:34
	db/murmurhash3.cc:34
	db/murmurhash3.cc:55
	db/murmurhash3.cc:55
	db/murmurhash3.cc:68
	db/murmurhash3.cc:68
	db/murmurhash3.cc:95
	db/murmurhash3.cc:100
	db/murmurhash3.cc:102
	db/murmurhash3.cc:103
	db/murmurhash3.cc:108
	db/murmurhash3.cc:108
	db/murmurhash3.cc:112
	db/murmurhash3.cc:128
	db/murmurhash3.cc:145
	db/murmurhash3.cc:151
	db/murmurhash3.cc:156
	db/murmurhash3.cc:157
	db/murmurhash3.cc:158
	db/murmurhash3.cc:159
	db/murmurhash3.cc:161
	db/murmurhash3.cc:162
	db/murmurhash3.cc:163
	db/murmurhash3.cc:164
	db/murmurhash3.cc:169
	db/murmurhash3.cc:169
	db/murmurhash3.cc:173
	db/murmurhash3.cc:174
	db/murmurhash3.cc:175
	db/murmurhash3.cc:176
	db/murmurhash3.cc:200
	db/murmurhash3.cc:201
	db/murmurhash3.cc:202
	db/murmurhash3.cc:203
	db/murmurhash3.cc:247
	db/murmurhash3.cc:248
	db/murmurhash3.cc:249
	db/murmurhash3.cc:250
	db/murmurhash3.cc:256
	db/log_test.cc:167
	db/db_impl.h:114
	db/db_impl.h:205
	db/metrics.h:45
	db/metrics.h:55
	db/metrics.h:107
	db/metrics.h:108
	db/metrics.h:152
	db/metrics.h:152
	db/metrics.h:153
	db/metrics.h:154
	db/metrics.h:166
	db/metrics.h:171
	db/zenfs.cc:323
	db/memtable.cc:18
	db/memtable.cc:52
	db/memtable.cc:141
	db/db_iter.h:24
	db/io_zenfs.h:69
	db/io_zenfs.h:100
	db/io_zenfs.h:101
	db/io_zenfs.h:111
	db/io_zenfs.h:122
	db/io_zenfs.h:131
	db/io_zenfs.h:151
	db/io_zenfs.h:255
	db/io_zenfs.h:256
	db/murmurhash3.h:16
	db/murmurhash3.h:29
	db/murmurhash3.h:31
	db/murmurhash3.h:33
	port/win/stdint.h:21
	table/filter_block.h:68
	table/block_builder.cc:61
	table/block_builder.cc:62
	table/format.cc:39
	table/format.cc:40
	table/format.cc:46
	table/format.cc:47
	table/format.cc:97
	table/format.cc:98
	table/filter_block.cc:103
	table/filter_block.cc:149
	table/filter_block.cc:159
	table/filter_block.cc:160
	table/filter_block_test.cc:25
	table/filter_block_test.cc:31
	table/merger.cc:135
	table/block.h:28
	table/block.h:32
	table/block.cc:18
	table/block.cc:19
	table/block.cc:20
	table/block.cc:28
	table/block.cc:31
	table/block.cc:31
	table/block.cc:36
	table/block.cc:55
	table/block.cc:56
	table/block.cc:57
	table/block.cc:71
	table/block.cc:83
	table/block.cc:84
	table/block.cc:84
	table/block.cc:87
	table/block.cc:88
	table/block.cc:98
	table/block.cc:102
	table/block.cc:102
	table/block.cc:104
	table/block.cc:107
	table/block.cc:113
	table/block.cc:120
	table/block.cc:121
	table/block.cc:154
	table/block.cc:174
	table/block.cc:175
	table/block.cc:177
	table/block.cc:178
	table/block.cc:179
	table/block.cc:244
	table/block.cc:263
	table/block.cc:266
	table/block_builder.h:46
	table/table_test.cc:671
	table/table_builder.cc:197
	util/crc32c.h:17
	util/crc32c.h:17
	util/crc32c.h:20
	util/crc32c.h:24
	util/crc32c.h:31
	util/crc32c.h:31
	util/crc32c.h:37
	util/crc32c.h:37
	util/crc32c.h:38
	util/cache.cc:31
	util/cache.cc:33
	util/cache.cc:34
	util/cache.cc:58
	util/cache.cc:78
	util/cache.cc:93
	util/cache.cc:94
	util/cache.cc:100
	util/cache.cc:110
	util/cache.cc:116
	util/cache.cc:117
	util/cache.cc:121
	util/cache.cc:146
	util/cache.cc:149
	util/cache.cc:151
	util/cache.cc:215
	util/cache.cc:232
	util/cache.cc:264
	util/cache.cc:285
	util/cache.cc:289
	util/cache.cc:289
	util/cache.cc:305
	util/cache.cc:309
	util/cache.cc:317
	util/crc32c_test.cc:72
	util/coding_test.cc:15
	util/coding_test.cc:20
	util/coding_test.cc:21
	util/coding_test.cc:23
	util/coding_test.cc:79
	util/coding_test.cc:80
	util/coding_test.cc:86
	util/coding_test.cc:87
	util/coding_test.cc:88
	util/coding_test.cc:106
	util/coding_test.cc:135
	util/coding_test.cc:142
	util/coding_test.cc:145
	util/status.cc:143
	util/bloom_test.cc:18
	util/arena.cc:30
	util/arena.cc:38
	util/arena.cc:42
	util/arena.cc:88
	util/arena.cc:89
	util/arena.cc:168
	util/coding.cc:9
	util/coding.cc:35
	util/coding.cc:41
	util/coding.cc:53
	util/coding.cc:81
	util/coding.cc:87
	util/coding.cc:126
	util/coding.cc:127
	util/coding.cc:128
	util/coding.cc:129
	util/coding.cc:143
	util/coding.cc:157
	util/coding.cc:186
	util/coding.cc:195
	util/bloom.cc:14
	util/bloom.cc:63
	util/bloom.cc:64
	util/bloom.cc:66
	util/bloom.cc:89
	util/bloom.cc:90
	util/bloom.cc:92
	util/random.h:17
	util/random.h:19
	util/random.h:25
	util/random.h:26
	util/random.h:37
	util/random.h:48
	util/random.h:57
	util/hash.cc:18
	util/hash.cc:18
	util/hash.cc:20
	util/hash.cc:21
	util/hash.cc:23
	util/hash.cc:27
	util/coding.h:21
	util/coding.h:24
	util/coding.h:26
	util/coding.h:29
	util/coding.h:30
	util/coding.h:35
	util/coding.h:36
	util/coding.h:44
	util/coding.h:52
	util/coding.h:58
	util/coding.h:64
	util/coding.h:67
	util/coding.h:71
	util/coding.h:72
	util/coding.h:73
	util/coding.h:74
	util/coding.h:94
	util/coding.h:97
	util/coding.h:99
	util/coding.h:117
	util/coding.h:118
	util/coding.h:122
	util/atomic.cc:79
	util/atomic.cc:80
	util/atomic.cc:81
	util/atomic.cc:82
	util/crc32c.cc:19
	util/crc32c.cc:20
	util/crc32c.cc:22
	util/crc32c.cc:23
	util/crc32c.cc:25
	util/crc32c.cc:25
	util/crc32c.cc:29
	util/crc32c.cc:34
	util/crc32c.cc:34
	util/crc32c.cc:43
	util/crc32c.cc:43
	util/crc32c.cc:65
	util/crc32c.cc:101
	util/crc32c.cc:101
	util/crc32c.cc:130
	util/crc32c.cc:186
	util/crc32c.cc:242
	util/crc32c.cc:298
	util/crc32c.cc:354
	util/crc32c.cc:410
	util/crc32c.cc:466
	util/crc32c.cc:522
	util/crc32c.cc:585
	util/crc32c.cc:587
	util/crc32c.cc:589
	util/crc32c.cc:590
	util/crc32c.cc:592
	util/crc32c.cc:593
	util/crc32c.cc:594
	util/crc32c.cc:595
	util/crc32c.cc:604
	util/crc32c.cc:612
	util/crc32c.cc:613
	util/crc32c.cc:615
	util/atomic.h:88
	util/atomic.h:97
	util/atomic.h:97
	util/atomic.h:103
	util/atomic.h:103
	util/atomic.h:110
	util/atomic.h:110
	util/atomic.h:202
	util/atomic.h:203
	util/atomic.h:208
	util/atomic.h:209
	util/atomic.h:211
	util/atomic.h:217
	util/atomic.h:218
	util/atomic.h:323
	util/atomic.h:324
	util/atomic.h:324
	util/atomic.h:324
	util/atomic.h:329
	util/atomic.h:338
	util/atomic.h:339
	util/atomic.h:339
	util/atomic.h:339
	util/atomic.h:344
	util/atomic.h:355
	util/atomic.h:356
	util/atomic.h:356
	util/atomic.h:356
	util/atomic.h:419
	util/atomic.h:473
	util/atomic.h:474
	util/atomic.h:474
	util/atomic.h:532
	util/atomic.h:533
	util/atomic.h:533
	util/atomic.h:538
	util/atomic.h:547
	util/atomic.h:548
	util/atomic.h:548
	util/atomic.h:553
	util/atomic.h:615
	util/atomic.h:615
	util/atomic.h:641
	util/atomic.h:641
	util/hash.h:15
	util/hash.h:15
autoscan: warning: missing AC_TYPE_UINT64_T wanted by: 
	leveldb-verify.cc:31
	leveldb-verify.cc:72
	leveldb-verify.cc:73
	leveldb-verify.cc:121
	benchmark.cc:170
	benchmark.cc:172
	benchmark.cc:176
	db/table_cache.cc:53
	db/table_cache.cc:67
	db/table_cache.cc:67
	db/table_cache.cc:113
	db/table_cache.cc:113
	db/table_cache.cc:130
	db/table_cache.cc:131
	db/table_cache.cc:153
	db/table_cache.cc:154
	db/table_cache.cc:179
	db/leveldb_main.cc:31
	db/leveldb_main.cc:70
	db/leveldb_main.cc:71
	db/leveldb_main.cc:133
	db/io_zenfs.cc:33
	db/io_zenfs.cc:33
	db/io_zenfs.cc:88
	db/io_zenfs.cc:170
	db/io_zenfs.cc:176
	db/io_zenfs.cc:231
	db/io_zenfs.cc:248
	db/io_zenfs.cc:249
	db/io_zenfs.cc:317
	db/io_zenfs.cc:317
	db/io_zenfs.cc:329
	db/io_zenfs.cc:340
	db/io_zenfs.cc:345
	db/io_zenfs.cc:433
	db/io_zenfs.cc:492
	db/io_zenfs.cc:548
	db/io_zenfs.cc:618
	db/io_zenfs.cc:618
	db/io_zenfs.cc:624
	db/io_zenfs.cc:635
	db/io_zenfs.cc:654
	db/io_zenfs.cc:683
	db/io_zenfs.cc:825
	db/io_zenfs.cc:885
	db/io_zenfs.cc:885
	db/io_zenfs.cc:988
	db/io_zenfs.cc:1033
	db/io_zenfs.cc:1040
	db/io_zenfs.cc:1047
	db/io_zenfs.cc:1077
	db/corruption_test.cc:116
	db/corruption_test.cc:156
	db/version_edit.cc:169
	db/fs_zenfs.h:95
	db/fs_zenfs.h:134
	db/fs_zenfs.h:292
	db/fs_zenfs.h:298
	db/fs_zenfs.h:302
	db/fs_zenfs.h:308
	db/io_config.h:134
	db/io_config.h:155
	db/io_config.h:159
	db/log_reader.h:44
	db/log_reader.h:58
	db/log_reader.h:69
	db/log_reader.h:71
	db/log_reader.h:74
	db/version_set.h:145
	db/version_set.h:152
	db/version_set.h:397
	db/version_set.h:422
	db/version_set.h:625
	db/version_set.h:669
	db/version_set.h:672
	db/version_set.h:677
	db/version_set.h:714
	db/version_set.h:717
	db/version_set.h:724
	db/version_set.h:727
	db/version_set.h:731
	db/version_set.h:781
	db/version_set.h:785
	db/version_set.h:798
	db/version_set.h:799
	db/version_set.h:803
	db/version_set.h:819
	db/version_set.h:837
	db/version_set.h:838
	db/version_set.h:855
	db/version_set.h:856
	db/version_set.h:857
	db/version_set.h:858
	db/version_set.h:859
	db/version_set.h:913
	db/version_set.h:914
	db/version_set.h:942
	db/version_set.h:980
	db/version_set.h:983
	db/version_set.h:1020
	db/version_set.h:1021
	db/version_set.h:1030
	db/log_reader.cc:19
	db/log_reader.cc:37
	db/log_reader.cc:71
	db/log_reader.cc:75
	db/log_reader.cc:166
	db/dbformat.h:72
	db/dbformat.h:118
	db/dbformat.h:203
	db/version_set.cc:92
	db/version_set.cc:94
	db/version_set.cc:104
	db/version_set.cc:106
	db/version_set.cc:128
	db/version_set.cc:336
	db/version_set.cc:395
	db/version_set.cc:423
	db/version_set.cc:504
	db/version_set.cc:505
	db/version_set.cc:506
	db/version_set.cc:597
	db/version_set.cc:627
	db/version_set.cc:628
	db/version_set.cc:726
	db/version_set.cc:727
	db/version_set.cc:761
	db/version_set.cc:772
	db/version_set.cc:791
	db/version_set.cc:1524
	db/version_set.cc:1620
	db/version_set.cc:1821
	db/version_set.cc:1821
	db/version_set.cc:1978
	db/version_set.cc:1979
	db/version_set.cc:2125
	db/version_set.cc:2188
	db/version_set.cc:2189
	db/version_set.cc:2233
	db/version_set.cc:2238
	db/version_set.cc:2248
	db/version_set.cc:2253
	db/version_set.cc:2441
	db/version_set.cc:2442
	db/version_set.cc:2443
	db/version_set.cc:2444
	db/version_set.cc:2526
	db/version_set.cc:2550
	db/version_set.cc:2612
	db/version_set.cc:2613
	db/version_set.cc:2616
	db/version_set.cc:2620
	db/version_set.cc:2630
	db/version_set.cc:2666
	db/version_set.cc:2803
	db/version_set.cc:2804
	db/version_set.cc:2835
	db/version_set.cc:2915
	db/version_set.cc:2957
	db/version_set.cc:2958
	db/version_set.cc:2964
	db/version_set.cc:2965
	db/version_set.cc:3241
	db/version_set.cc:3242
	db/version_set.cc:3323
	db/version_set.cc:3324
	db/version_set.cc:3582
	db/version_set.cc:3583
	db/db_impl.cc:74
	db/db_impl.cc:75
	db/db_impl.cc:76
	db/db_impl.cc:126
	db/db_impl.cc:127
	db/db_impl.cc:136
	db/db_impl.cc:374
	db/db_impl.cc:379
	db/db_impl.cc:469
	db/db_impl.cc:470
	db/db_impl.cc:476
	db/db_impl.cc:478
	db/db_impl.cc:480
	db/db_impl.cc:516
	db/db_impl.cc:602
	db/db_impl.cc:629
	db/db_impl.cc:659
	db/db_impl.cc:664
	db/db_impl.cc:673
	db/db_impl.cc:694
	db/db_impl.cc:754
	db/db_impl.cc:755
	db/db_impl.cc:1151
	db/db_impl.cc:1175
	db/db_impl.cc:1181
	db/db_impl.cc:1186
	db/db_impl.cc:1193
	db/db_impl.cc:1243
	db/db_impl.cc:1271
	db/db_impl.cc:1273
	db/db_impl.cc:1276
	db/db_impl.cc:1543
	db/db_impl.cc:1686
	db/db_impl.cc:1687
	db/db_impl.cc:1704
	db/db_impl.cc:1705
	db/db_impl.cc:1725
	db/db_impl.cc:1726
	db/db_impl.cc:1734
	db/db_impl.cc:1735
	db/db_impl.cc:1736
	db/db_impl.cc:1737
	db/db_impl.cc:1774
	db/db_impl.cc:1775
	db/db_impl.cc:1961
	db/db_impl.cc:2005
	db/db_impl.cc:2006
	db/db_impl.cc:2158
	db/db_impl.cc:2171
	db/db_impl.cc:2186
	db/db_impl.cc:2200
	db/db_impl.cc:2214
	db/db_impl.cc:2226
	db/db_impl.cc:2281
	db/db_impl.cc:2294
	db/db_impl.cc:2295
	db/db_impl.cc:2313
	db/db_impl.cc:2372
	db/db_impl.cc:2469
	db/db_impl.cc:2478
	db/db_impl.cc:2490
	db/db_impl.cc:2492
	db/db_impl.cc:2533
	db/zbd_zenfs.h:42
	db/zbd_zenfs.h:43
	db/zbd_zenfs.h:44
	db/zbd_zenfs.h:45
	db/zbd_zenfs.h:47
	db/zbd_zenfs.h:57
	db/zbd_zenfs.h:58
	db/zbd_zenfs.h:80
	db/zbd_zenfs.h:90
	db/zbd_zenfs.h:91
	db/zbd_zenfs.h:124
	db/zbd_zenfs.h:130
	db/zbd_zenfs.h:131
	db/zbd_zenfs.h:132
	db/zbd_zenfs.h:146
	db/zbd_zenfs.h:163
	db/zbd_zenfs.h:170
	db/zbd_zenfs.h:171
	db/zbd_zenfs.h:172
	db/zbd_zenfs.h:175
	db/c_test.c:282
	db/dbformat_test.cc:12
	db/dbformat_test.cc:32
	db/dbformat_test.cc:51
	db/skiplist.h:141
	db/skiplist.h:143
	db/skiplist.h:146
	db/skiplist.h:154
	db/skiplist.h:155
	db/skiplist.h:167
	db/skiplist.h:176
	db/skiplist.h:180
	db/skiplist.h:186
	db/skiplist.h:199
	db/skiplist.h:283
	db/skiplist.h:292
	db/skiplist.h:315
	db/skiplist.h:318
	db/skiplist.h:320
	db/skiplist.h:412
	db/skiplist_test.cc:17
	db/skiplist_test.cc:32
	db/skiplist_test.cc:163
	db/skiplist_test.cc:164
	db/skiplist_test.cc:165
	db/skiplist_test.cc:167
	db/skiplist_test.cc:167
	db/skiplist_test.cc:167
	db/skiplist_test.cc:168
	db/skiplist_test.cc:172
	db/skiplist_test.cc:172
	db/skiplist_test.cc:173
	db/builder.cc:49
	db/builder.cc:67
	db/builder.cc:70
	db/log_writer.h:32
	db/log_writer.h:39
	db/log_writer.h:39
	db/log_writer.h:39
	db/log_writer.h:40
	db/fs_zenfs.cc:311
	db/fs_zenfs.cc:931
	db/fs_zenfs.cc:942
	db/fs_zenfs.cc:952
	db/fs_zenfs.cc:1147
	db/fs_zenfs.cc:1160
	db/fs_zenfs.cc:1234
	db/fs_zenfs.cc:1317
	db/fs_zenfs.cc:1910
	db/zbd_zenfs.cc:61
	db/zbd_zenfs.cc:64
	db/zbd_zenfs.cc:176
	db/zbd_zenfs.cc:227
	db/zbd_zenfs.cc:230
	db/zbd_zenfs.cc:231
	db/zbd_zenfs.cc:298
	db/zbd_zenfs.cc:355
	db/zbd_zenfs.cc:356
	db/zbd_zenfs.cc:363
	db/zbd_zenfs.cc:364
	db/zbd_zenfs.cc:371
	db/zbd_zenfs.cc:372
	db/zbd_zenfs.cc:380
	db/zbd_zenfs.cc:381
	db/zbd_zenfs.cc:382
	db/zbd_zenfs.cc:383
	db/zbd_zenfs.cc:728
	db/filename_test.cc:19
	db/filename_test.cc:24
	db/filename_test.cc:78
	db/filename.h:33
	db/filename.h:38
	db/filename.h:43
	db/filename.h:49
	db/filename.h:62
	db/filename.h:74
	db/filename.h:80
	db/log_writer.cc:31
	db/log_writer.cc:32
	db/log_writer.cc:36
	db/log_writer.cc:41
	db/log_writer.cc:56
	db/log_writer.cc:64
	db/log_writer.cc:65
	db/log_writer.cc:103
	db/log_writer.cc:103
	db/log_writer.cc:103
	db/log_writer.cc:105
	db/log_writer.cc:106
	db/log_writer.cc:107
	db/log_writer.cc:111
	db/db_test.cc:125
	db/db_test.cc:160
	db/db_test.cc:211
	db/db_test.cc:582
	db/db_test.cc:584
	db/db_test.cc:641
	db/db_test.cc:656
	db/db_test.cc:1173
	db/db_test.cc:1173
	db/db_test.cc:1173
	db/db_test.cc:1995
	db/db_test.cc:2232
	db/db_test.cc:2236
	db/db_test.cc:2236
	db/db_test.cc:2237
	db/db_test.cc:2608
	db/db_test.cc:2664
	db/db_test.cc:2706
	db/db_test.cc:2744
	db/db_test.cc:2786
	db/db_test.cc:2891
	db/db_test.cc:3068
	db/db_test.cc:3070
	db/db_test.cc:3102
	db/db_test.cc:3110
	db/db_test.cc:3118
	db/db_test.cc:3128
	db/version_edit.h:22
	db/version_edit.h:23
	db/version_edit.h:39
	db/version_edit.h:45
	db/version_edit.h:77
	db/version_edit.h:81
	db/version_edit.h:85
	db/version_edit.h:100
	db/version_edit.h:101
	db/version_edit.h:119
	db/version_edit.h:119
	db/version_edit.h:131
	db/version_edit.h:166
	db/version_edit.h:170
	db/version_edit.h:183
	db/version_edit.h:191
	db/version_edit.h:195
	db/version_edit.h:225
	db/version_edit.h:229
	db/version_edit.h:230
	db/version_edit.h:231
	db/version_edit.h:245
	db/c.cc:264
	db/autocompact_test.cc:44
	db/autocompact_test.cc:46
	db/autocompact_test.cc:93
	db/db_bench.cc:720
	db/db_bench.cc:1268
	db/db_bench.cc:1329
	db/db_bench.cc:1378
	db/db_bench.cc:1413
	db/db_bench.cc:1414
	db/db_bench.cc:1518
	db/dbformat.cc:12
	db/dbformat.cc:12
	db/dbformat.cc:57
	db/dbformat.cc:58
	db/murmurhash3.cc:39
	db/murmurhash3.cc:39
	db/murmurhash3.cc:60
	db/murmurhash3.cc:60
	db/murmurhash3.cc:81
	db/murmurhash3.cc:81
	db/murmurhash3.cc:261
	db/murmurhash3.cc:262
	db/murmurhash3.cc:264
	db/murmurhash3.cc:265
	db/murmurhash3.cc:270
	db/murmurhash3.cc:270
	db/murmurhash3.cc:274
	db/murmurhash3.cc:275
	db/murmurhash3.cc:291
	db/murmurhash3.cc:292
	db/murmurhash3.cc:296
	db/murmurhash3.cc:297
	db/murmurhash3.cc:298
	db/murmurhash3.cc:299
	db/murmurhash3.cc:300
	db/murmurhash3.cc:301
	db/murmurhash3.cc:302
	db/murmurhash3.cc:305
	db/murmurhash3.cc:306
	db/murmurhash3.cc:307
	db/murmurhash3.cc:308
	db/murmurhash3.cc:309
	db/murmurhash3.cc:310
	db/murmurhash3.cc:311
	db/murmurhash3.cc:312
	db/murmurhash3.cc:330
	db/murmurhash3.cc:331
	db/log_test.cc:48
	db/log_test.cc:88
	db/log_test.cc:121
	db/log_test.cc:201
	db/log_test.cc:213
	db/log_test.cc:239
	db/db_impl.h:66
	db/db_impl.h:112
	db/db_impl.h:135
	db/db_impl.h:140
	db/db_impl.h:144
	db/db_impl.h:176
	db/db_impl.h:177
	db/db_impl.h:203
	db/db_impl.h:209
	db/db_impl.h:216
	db/db_impl.h:257
	db/db_impl.h:259
	db/db_impl.h:270
	db/filename.cc:18
	db/filename.cc:27
	db/filename.cc:32
	db/filename.cc:37
	db/filename.cc:42
	db/filename.cc:58
	db/filename.cc:81
	db/filename.cc:95
	db/filename.cc:107
	db/filename.cc:127
	db/memtable.h:32
	db/memtable.h:79
	db/memtable.h:88
	db/metrics.h:168
	db/metrics.h:179
	db/metrics.h:185
	db/metrics.h:188
	db/metrics.h:188
	db/zenfs.cc:193
	db/zenfs.cc:208
	db/zenfs.cc:258
	db/zenfs.cc:259
	db/zenfs.cc:260
	db/zenfs.cc:341
	db/memtable.cc:47
	db/memtable.cc:147
	db/snapshot.h:32
	db/snapshot.h:33
	db/snapshot.h:34
	db/snapshot.h:48
	db/snapshot.h:49
	db/snapshot.h:51
	db/snapshot.h:52
	db/snapshot.h:53
	db/snapshot.h:67
	db/snapshot.h:68
	db/snapshot.h:69
	db/snapshot.h:83
	db/io_zenfs.h:32
	db/io_zenfs.h:33
	db/io_zenfs.h:36
	db/io_zenfs.h:36
	db/io_zenfs.h:53
	db/io_zenfs.h:61
	db/io_zenfs.h:62
	db/io_zenfs.h:66
	db/io_zenfs.h:67
	db/io_zenfs.h:85
	db/io_zenfs.h:107
	db/io_zenfs.h:108
	db/io_zenfs.h:116
	db/io_zenfs.h:118
	db/io_zenfs.h:118
	db/io_zenfs.h:131
	db/io_zenfs.h:136
	db/io_zenfs.h:142
	db/io_zenfs.h:143
	db/io_zenfs.h:164
	db/io_zenfs.h:164
	db/io_zenfs.h:207
	db/io_zenfs.h:211
	db/io_zenfs.h:219
	db/io_zenfs.h:229
	db/io_zenfs.h:229
	db/io_zenfs.h:257
	db/io_zenfs.h:270
	db/io_zenfs.h:282
	db/io_zenfs.h:285
	db/io_zenfs.h:308
	db/io_zenfs.h:309
	db/io_zenfs.h:313
	db/version_edit_test.cc:23
	db/murmurhash3.h:17
	db/table_cache.h:38
	db/table_cache.h:39
	db/table_cache.h:45
	db/table_cache.h:46
	db/table_cache.h:53
	db/table_cache.h:55
	db/table_cache.h:55
	db/table_cache.h:57
	db/table_cache.h:64
	db/table_cache.h:102
	db/table_cache.h:103
	db/table_cache.h:105
	db/table_cache.h:105
	db/builder.h:29
	db/builder.h:32
	db/repair.cc:122
	db/repair.cc:123
	db/repair.cc:125
	db/repair.cc:137
	db/repair.cc:173
	db/repair.cc:182
	db/repair.cc:277
	include/pebblesdb/c.h:129
	include/pebblesdb/env.h:151
	include/pebblesdb/env.h:364
	include/pebblesdb/env.h:368
	include/pebblesdb/env.h:437
	include/pebblesdb/env.h:441
	include/pebblesdb/env.h:492
	include/pebblesdb/env.h:522
	include/pebblesdb/env.h:582
	include/pebblesdb/env.h:611
	include/pebblesdb/env.h:675
	include/pebblesdb/env.h:873
	include/pebblesdb/env.h:880
	include/pebblesdb/env.h:926
	include/pebblesdb/env.h:933
	include/pebblesdb/env.h:1002
	include/pebblesdb/env.h:1042
	include/pebblesdb/table_builder.h:71
	include/pebblesdb/table_builder.h:75
	include/pebblesdb/table.h:52
	include/pebblesdb/table.h:69
	include/pebblesdb/comparator.h:57
	include/pebblesdb/db.h:136
	include/pebblesdb/cache.h:82
	port/win/stdint.h:22
	table/filter_block.h:56
	table/filter_block.h:79
	table/two_level_iterator.cc:97
	table/two_level_iterator.cc:179
	table/format.cc:17
	table/format.cc:18
	table/format.cc:48
	table/format.cc:48
	table/format.cc:49
	table/format.cc:80
	table/filter_block.cc:83
	table/filter_block.cc:84
	table/filter_block.cc:156
	table/filter_block.cc:157
	table/merger.cc:62
	table/merger.cc:217
	table/merger.cc:437
	table/format.h:27
	table/format.h:28
	table/format.h:31
	table/format.h:32
	table/format.h:41
	table/format.h:42
	table/format.h:84
	table/format.h:106
	table/format.h:107
	table/table.cc:58
	table/table.cc:72
	table/table.cc:212
	table/table.cc:316
	table/table.cc:320
	table/table_test.cc:102
	table/table_test.cc:129
	table/table_test.cc:131
	table/table_test.cc:268
	table/table_test.cc:798
	table/table_test.cc:798
	table/table_test.cc:798
	table/table_builder.cc:24
	table/table_builder.cc:274
	table/table_builder.cc:278
	helpers/memenv/memenv.cc:50
	helpers/memenv/memenv.cc:52
	helpers/memenv/memenv.cc:56
	helpers/memenv/memenv.cc:143
	helpers/memenv/memenv.cc:166
	helpers/memenv/memenv.cc:193
	helpers/memenv/memenv.cc:327
	helpers/memenv/memenv_test.cc:29
	util/comparator.cc:17
	util/comparator.cc:72
	util/comparator.cc:73
	util/comparator.cc:75
	util/comparator.cc:76
	util/comparator.cc:77
	util/comparator.cc:78
	util/comparator.cc:79
	util/comparator.cc:80
	util/comparator.cc:81
	util/comparator.cc:82
	util/comparator.cc:83
	util/comparator.cc:84
	util/arena.h:31
	util/arena.h:42
	util/env.cc:120
	util/env.cc:126
	util/env.cc:235
	util/env.cc:241
	util/cache.cc:283
	util/cache.cc:323
	util/logging.h:22
	util/logging.h:32
	util/logging.h:46
	util/coding_test.cc:30
	util/coding_test.cc:30
	util/coding_test.cc:38
	util/coding_test.cc:38
	util/coding_test.cc:39
	util/coding_test.cc:42
	util/coding_test.cc:46
	util/coding_test.cc:50
	util/coding_test.cc:100
	util/coding_test.cc:104
	util/coding_test.cc:105
	util/coding_test.cc:108
	util/coding_test.cc:123
	util/coding_test.cc:154
	util/coding_test.cc:161
	util/coding_test.cc:164
	util/env_posix.cc:65
	util/env_posix.cc:84
	util/env_posix.cc:171
	util/env_posix.cc:282
	util/env_posix.cc:286
	util/env_posix.cc:295
	util/env_posix.cc:302
	util/env_posix.cc:308
	util/env_posix.cc:337
	util/env_posix.cc:398
	util/env_posix.cc:399
	util/env_posix.cc:401
	util/env_posix.cc:406
	util/env_posix.cc:411
	util/env_posix.cc:412
	util/env_posix.cc:424
	util/env_posix.cc:590
	util/env_posix.cc:679
	util/env_posix.cc:803
	util/env_posix.cc:805
	util/env_posix.cc:821
	util/env_posix.cc:824
	util/arena.cc:108
	util/arena.cc:151
	util/timer.h:176
	util/timer.h:177
	util/timer.h:178
	util/timer.h:179
	util/timer.h:350
	util/coding.cc:20
	util/coding.cc:47
	util/coding.cc:93
	util/coding.cc:104
	util/coding.cc:115
	util/coding.cc:155
	util/coding.cc:156
	util/coding.cc:158
	util/coding.cc:172
	util/posix_logger.h:34
	util/random.h:27
	util/random.h:34
	util/coding.h:25
	util/coding.h:27
	util/coding.h:34
	util/coding.h:37
	util/coding.h:45
	util/coding.h:48
	util/coding.h:53
	util/coding.h:59
	util/coding.h:78
	util/coding.h:81
	util/coding.h:85
	util/coding.h:86
	util/coding.h:108
	util/coding.h:109
	util/coding.h:113
	util/crc32c.cc:35
	util/crc32c.cc:44
	util/crc32c.cc:53
	util/crc32c.cc:53
	util/logging.cc:18
	util/logging.cc:44
	util/logging.cc:65
	util/logging.cc:66
	util/atomic.h:118
	util/atomic.h:118
	util/atomic.h:136
	util/atomic.h:136
	util/atomic.h:143
	util/atomic.h:143
	util/atomic.h:224
	util/atomic.h:225
	util/atomic.h:230
	util/atomic.h:244
	util/atomic.h:245
	util/atomic.h:250
	util/atomic.h:255
	util/atomic.h:256
	util/atomic.h:303
	util/atomic.h:303
	util/atomic.h:304
	util/atomic.h:305
	util/atomic.h:307
	util/atomic.h:361
	util/atomic.h:362
	util/atomic.h:362
	util/atomic.h:362
	util/atomic.h:367
	util/atomic.h:378
	util/atomic.h:379
	util/atomic.h:379
	util/atomic.h:379
	util/atomic.h:384
	util/atomic.h:395
	util/atomic.h:396
	util/atomic.h:396
	util/atomic.h:396
	util/atomic.h:487
	util/atomic.h:488
	util/atomic.h:488
	util/atomic.h:499
	util/atomic.h:568
	util/atomic.h:569
	util/atomic.h:569
	util/atomic.h:574
	util/atomic.h:581
	util/atomic.h:582
	util/atomic.h:594
	util/atomic.h:595
	util/atomic.h:595
	util/atomic.h:600
	util/atomic.h:627
	util/atomic.h:627
	util/atomic.h:653
	util/atomic.h:653
	util/cache_test.cc:177
	util/cache_test.cc:178
autoscan: warning: missing AC_TYPE_UINT8_T wanted by: 
	db/io_config.h:26
	db/io_config.h:36
	db/io_config.h:107
	db/murmurhash3.cc:97
	db/murmurhash3.cc:97
	db/murmurhash3.cc:126
	db/murmurhash3.cc:126
	db/murmurhash3.cc:153
	db/murmurhash3.cc:153
	db/murmurhash3.cc:198
	db/murmurhash3.cc:198
	db/murmurhash3.cc:258
	db/murmurhash3.cc:258
	db/murmurhash3.cc:289
	db/murmurhash3.cc:289
	db/murmurhash3.h:15
	include/pebblesdb/env.h:195
	port/win/stdint.h:19
	util/comparator.cc:48
	util/comparator.cc:48
	util/comparator.cc:49
	util/comparator.cc:50
	util/comparator.cc:62
	util/comparator.cc:63
	util/crc32c.cc:21
	util/crc32c.cc:26
	util/crc32c.cc:26
	util/crc32c.cc:588
